This is pdfTeX, Version 3.141592653-2.6-1.40.25 (TeX Live 2023/Debian) (preloaded format=pdflatex 2026.3.15)  14 APR 2026 10:44
entering extended mode
 \write18 enabled.
 %&-line parsing enabled.
**__memoria.tex
(./__memoria.tex
LaTeX2e <2023-11-01> patch level 1
L3 programming layer <2024-01-22>
(/usr/share/texlive/texmf-dist/tex/latex/base/book.cls
Document Class: book 2023/05/17 v1.4n Standard LaTeX document class
(/usr/share/texlive/texmf-dist/tex/latex/base/bk12.clo
File: bk12.clo 2023/05/17 v1.4n Standard LaTeX file (size option)
)
\c@part=\count187
\c@chapter=\count188
\c@section=\count189
\c@subsection=\count190
\c@subsubsection=\count191
\c@paragraph=\count192
\c@subparagraph=\count193
\c@figure=\count194
\c@table=\count195
\abovecaptionskip=\skip48
\belowcaptionskip=\skip49
\bibindent=\dimen140
) (./_datos_proyecto.tex) (./preamble.tex (/usr/share/texlive/texmf-dist/tex/ge
neric/iftex/iftex.sty
Package: iftex 2022/02/03 v1.0f TeX engine tests
)
(/usr/share/texlive/texmf-dist/tex/latex/base/inputenc.sty
Package: inputenc 2021/02/14 v1.3d Input encoding file
\inpenc@prehook=\toks17
\inpenc@posthook=\toks18
)
(/usr/share/texlive/texmf-dist/tex/latex/base/fontenc.sty
Package: fontenc 2021/04/29 v2.0v Standard LaTeX package
)
(/usr/share/texlive/texmf-dist/tex/generic/babel/babel.sty
Package: babel 2024/01/07 v24.1 The Babel package
\babel@savecnt=\count196
\U@D=\dimen141
\l@unhyphenated=\language8

(/usr/share/texlive/texmf-dist/tex/generic/babel/txtbabel.def)
\bbl@readstream=\read2
\bbl@dirlevel=\count197

(/usr/share/texlive/texmf-dist/tex/generic/babel-spanish/spanish.ldf
Language: spanish.ldf 2021/05/27 v5.0q Spanish support from the babel system
\es@quottoks=\toks19
\es@quotdepth=\count198
Package babel Info: Making " an active character on input line 570.
Package babel Info: Making . an active character on input line 675.
Package babel Info: Making < an active character on input line 722.
Package babel Info: Making > an active character on input line 722.
))
(/usr/share/texlive/texmf-dist/tex/generic/babel/locale/es/babel-spanish.tex
Package babel Info: Importing font and identification data for spanish
(babel)             from babel-es.ini. Reported on input line 11.
)
(/usr/share/texmf/tex/latex/lm/lmodern.sty
Package: lmodern 2015/05/01 v1.6.1 Latin Modern Fonts
LaTeX Font Info:    Overwriting symbol font `operators' in version `normal'
(Font)                  OT1/cmr/m/n --> OT1/lmr/m/n on input line 22.
LaTeX Font Info:    Overwriting symbol font `letters' in version `normal'
(Font)                  OML/cmm/m/it --> OML/lmm/m/it on input line 23.
LaTeX Font Info:    Overwriting symbol font `symbols' in version `normal'
(Font)                  OMS/cmsy/m/n --> OMS/lmsy/m/n on input line 24.
LaTeX Font Info:    Overwriting symbol font `largesymbols' in version `normal'
(Font)                  OMX/cmex/m/n --> OMX/lmex/m/n on input line 25.
LaTeX Font Info:    Overwriting symbol font `operators' in version `bold'
(Font)                  OT1/cmr/bx/n --> OT1/lmr/bx/n on input line 26.
LaTeX Font Info:    Overwriting symbol font `letters' in version `bold'
(Font)                  OML/cmm/b/it --> OML/lmm/b/it on input line 27.
LaTeX Font Info:    Overwriting symbol font `symbols' in version `bold'
(Font)                  OMS/cmsy/b/n --> OMS/lmsy/b/n on input line 28.
LaTeX Font Info:    Overwriting symbol font `largesymbols' in version `bold'
(Font)                  OMX/cmex/m/n --> OMX/lmex/m/n on input line 29.
LaTeX Font Info:    Overwriting math alphabet `\mathbf' in version `normal'
(Font)                  OT1/cmr/bx/n --> OT1/lmr/bx/n on input line 31.
LaTeX Font Info:    Overwriting math alphabet `\mathsf' in version `normal'
(Font)                  OT1/cmss/m/n --> OT1/lmss/m/n on input line 32.
LaTeX Font Info:    Overwriting math alphabet `\mathit' in version `normal'
(Font)                  OT1/cmr/m/it --> OT1/lmr/m/it on input line 33.
LaTeX Font Info:    Overwriting math alphabet `\mathtt' in version `normal'
(Font)                  OT1/cmtt/m/n --> OT1/lmtt/m/n on input line 34.
LaTeX Font Info:    Overwriting math alphabet `\mathbf' in version `bold'
(Font)                  OT1/cmr/bx/n --> OT1/lmr/bx/n on input line 35.
LaTeX Font Info:    Overwriting math alphabet `\mathsf' in version `bold'
(Font)                  OT1/cmss/bx/n --> OT1/lmss/bx/n on input line 36.
LaTeX Font Info:    Overwriting math alphabet `\mathit' in version `bold'
(Font)                  OT1/cmr/bx/it --> OT1/lmr/bx/it on input line 37.
LaTeX Font Info:    Overwriting math alphabet `\mathtt' in version `bold'
(Font)                  OT1/cmtt/m/n --> OT1/lmtt/m/n on input line 38.
)
(/usr/share/texlive/texmf-dist/tex/latex/base/textcomp.sty
Package: textcomp 2020/02/02 v2.0n Standard LaTeX package
)
(/usr/share/texlive/texmf-dist/tex/latex/geometry/geometry.sty
Package: geometry 2020/01/02 v5.9 Page Geometry

(/usr/share/texlive/texmf-dist/tex/latex/graphics/keyval.sty
Package: keyval 2022/05/29 v1.15 key=value parser (DPC)
\KV@toks@=\toks20
)
(/usr/share/texlive/texmf-dist/tex/generic/iftex/ifvtex.sty
Package: ifvtex 2019/10/25 v1.7 ifvtex legacy package. Use iftex instead.
)
\Gm@cnth=\count199
\Gm@cntv=\count266
\c@Gm@tempcnt=\count267
\Gm@bindingoffset=\dimen142
\Gm@wd@mp=\dimen143
\Gm@odd@mp=\dimen144
\Gm@even@mp=\dimen145
\Gm@layoutwidth=\dimen146
\Gm@layoutheight=\dimen147
\Gm@layouthoffset=\dimen148
\Gm@layoutvoffset=\dimen149
\Gm@dimlist=\toks21
)
(/usr/share/texlive/texmf-dist/tex/latex/fancyhdr/fancyhdr.sty
Package: fancyhdr 2022/11/09 v4.1 Extensive control of page headers and footers

\f@nch@headwidth=\skip50
\f@nch@O@elh=\skip51
\f@nch@O@erh=\skip52
\f@nch@O@olh=\skip53
\f@nch@O@orh=\skip54
\f@nch@O@elf=\skip55
\f@nch@O@erf=\skip56
\f@nch@O@olf=\skip57
\f@nch@O@orf=\skip58
)
(/usr/share/texlive/texmf-dist/tex/latex/bera/berasans.sty
Package: berasans 2004/01/30 (WaS)
)
(/usr/share/texlive/texmf-dist/tex/latex/graphics/graphicx.sty
Package: graphicx 2021/09/16 v1.2d Enhanced LaTeX Graphics (DPC,SPQR)

(/usr/share/texlive/texmf-dist/tex/latex/graphics/graphics.sty
Package: graphics 2022/03/10 v1.4e Standard LaTeX Graphics (DPC,SPQR)

(/usr/share/texlive/texmf-dist/tex/latex/graphics/trig.sty
Package: trig 2021/08/11 v1.11 sin cos tan (DPC)
)
(/usr/share/texlive/texmf-dist/tex/latex/graphics-cfg/graphics.cfg
File: graphics.cfg 2016/06/04 v1.11 sample graphics configuration
)
Package graphics Info: Driver file: pdftex.def on input line 107.

(/usr/share/texlive/texmf-dist/tex/latex/graphics-def/pdftex.def
File: pdftex.def 2022/09/22 v1.2b Graphics/color driver for pdftex
))
\Gin@req@height=\dimen150
\Gin@req@width=\dimen151
)
(/usr/share/texlive/texmf-dist/tex/latex/float/float.sty
Package: float 2001/11/08 v1.3d Float enhancements (AL)
\c@float@type=\count268
\float@exts=\toks22
\float@box=\box51
\@float@everytoks=\toks23
\@floatcapt=\box52
)
(/usr/share/texlive/texmf-dist/tex/latex/wrapfig/wrapfig.sty
\wrapoverhang=\dimen152
\WF@size=\dimen153
\c@WF@wrappedlines=\count269
\WF@box=\box53
\WF@everypar=\toks24
Package: wrapfig 2003/01/31  v 3.6
)
(/usr/share/texlive/texmf-dist/tex/latex/caption/subcaption.sty
Package: subcaption 2023/07/28 v1.6b Sub-captions (AR)

(/usr/share/texlive/texmf-dist/tex/latex/caption/caption.sty
Package: caption 2023/08/05 v3.6o Customizing captions (AR)

(/usr/share/texlive/texmf-dist/tex/latex/caption/caption3.sty
Package: caption3 2023/07/31 v2.4d caption3 kernel (AR)
\caption@tempdima=\dimen154
\captionmargin=\dimen155
\caption@leftmargin=\dimen156
\caption@rightmargin=\dimen157
\caption@width=\dimen158
\caption@indent=\dimen159
\caption@parindent=\dimen160
\caption@hangindent=\dimen161
Package caption Info: Standard document class detected.
)
\c@caption@flags=\count270
\c@continuedfloat=\count271
Package caption Info: float package is loaded.
Package caption Info: wrapfig package is loaded.
)
Package caption Info: New subtype `subfigure' on input line 238.
\c@subfigure=\count272
Package caption Info: New subtype `subtable' on input line 238.
\c@subtable=\count273
)
(/usr/share/texlive/texmf-dist/tex/latex/tools/afterpage.sty
Package: afterpage 2023/07/04 v1.08 After-Page Package (DPC)
\AP@output=\toks25
\AP@partial=\box54
\AP@footins=\box55
)
(/usr/share/texlive/texmf-dist/tex/latex/xcolor/xcolor.sty
Package: xcolor 2023/11/15 v3.01 LaTeX color extensions (UK)

(/usr/share/texlive/texmf-dist/tex/latex/graphics-cfg/color.cfg
File: color.cfg 2016/01/02 v1.6 sample color configuration
)
Package xcolor Info: Driver file: pdftex.def on input line 274.

(/usr/share/texlive/texmf-dist/tex/latex/graphics/mathcolor.ltx)
Package xcolor Info: Model `cmy' substituted by `cmy0' on input line 1350.
Package xcolor Info: Model `hsb' substituted by `rgb' on input line 1354.
Package xcolor Info: Model `RGB' extended on input line 1366.
Package xcolor Info: Model `HTML' substituted by `rgb' on input line 1368.
Package xcolor Info: Model `Hsb' substituted by `hsb' on input line 1369.
Package xcolor Info: Model `tHsb' substituted by `hsb' on input line 1370.
Package xcolor Info: Model `HSB' substituted by `hsb' on input line 1371.
Package xcolor Info: Model `Gray' substituted by `gray' on input line 1372.
Package xcolor Info: Model `wave' substituted by `hsb' on input line 1373.
)
(/usr/share/texlive/texmf-dist/tex/latex/graphics/dvipsnam.def
File: dvipsnam.def 2016/06/17 v3.0m Driver-dependent file (DPC,SPQR)
)
(/usr/share/texlive/texmf-dist/tex/latex/xcolor/svgnam.def
File: svgnam.def 2023/11/15 v3.01 Predefined colors according to SVG 1.1 (UK)
)
(/usr/share/texlive/texmf-dist/tex/latex/colortbl/colortbl.sty
Package: colortbl 2022/06/20 v1.0f Color table columns (DPC)

(/usr/share/texlive/texmf-dist/tex/latex/tools/array.sty
Package: array 2023/10/16 v2.5g Tabular extension package (FMi)
\col@sep=\dimen162
\ar@mcellbox=\box56
\extrarowheight=\dimen163
\NC@list=\toks26
\extratabsurround=\skip59
\backup@length=\skip60
\ar@cellbox=\box57
)
\everycr=\toks27
\minrowclearance=\skip61
\rownum=\count274
)
(/usr/share/texlive/texmf-dist/tex/latex/amsmath/amsmath.sty
Package: amsmath 2023/05/13 v2.17o AMS math features
\@mathmargin=\skip62

For additional information on amsmath, use the `?' option.
(/usr/share/texlive/texmf-dist/tex/latex/amsmath/amstext.sty
Package: amstext 2021/08/26 v2.01 AMS text

(/usr/share/texlive/texmf-dist/tex/latex/amsmath/amsgen.sty
File: amsgen.sty 1999/11/30 v2.0 generic functions
\@emptytoks=\toks28
\ex@=\dimen164
))
(/usr/share/texlive/texmf-dist/tex/latex/amsmath/amsbsy.sty
Package: amsbsy 1999/11/29 v1.2d Bold Symbols
\pmbraise@=\dimen165
)
(/usr/share/texlive/texmf-dist/tex/latex/amsmath/amsopn.sty
Package: amsopn 2022/04/08 v2.04 operator names
)
\inf@bad=\count275
LaTeX Info: Redefining \frac on input line 234.
\uproot@=\count276
\leftroot@=\count277
LaTeX Info: Redefining \overline on input line 399.
LaTeX Info: Redefining \colon on input line 410.
\classnum@=\count278
\DOTSCASE@=\count279
LaTeX Info: Redefining \ldots on input line 496.
LaTeX Info: Redefining \dots on input line 499.
LaTeX Info: Redefining \cdots on input line 620.
\Mathstrutbox@=\box58
\strutbox@=\box59
LaTeX Info: Redefining \big on input line 722.
LaTeX Info: Redefining \Big on input line 723.
LaTeX Info: Redefining \bigg on input line 724.
LaTeX Info: Redefining \Bigg on input line 725.
\big@size=\dimen166
LaTeX Font Info:    Redeclaring font encoding OML on input line 743.
LaTeX Font Info:    Redeclaring font encoding OMS on input line 744.
\macc@depth=\count280
LaTeX Info: Redefining \bmod on input line 905.
LaTeX Info: Redefining \pmod on input line 910.
LaTeX Info: Redefining \smash on input line 940.
LaTeX Info: Redefining \relbar on input line 970.
LaTeX Info: Redefining \Relbar on input line 971.
\c@MaxMatrixCols=\count281
\dotsspace@=\muskip16
\c@parentequation=\count282
\dspbrk@lvl=\count283
\tag@help=\toks29
\row@=\count284
\column@=\count285
\maxfields@=\count286
\andhelp@=\toks30
\eqnshift@=\dimen167
\alignsep@=\dimen168
\tagshift@=\dimen169
\tagwidth@=\dimen170
\totwidth@=\dimen171
\lineht@=\dimen172
\@envbody=\toks31
\multlinegap=\skip63
\multlinetaggap=\skip64
\mathdisplay@stack=\toks32
LaTeX Info: Redefining \[ on input line 2953.
LaTeX Info: Redefining \] on input line 2954.
)
(/usr/share/texlive/texmf-dist/tex/latex/amsfonts/amssymb.sty
Package: amssymb 2013/01/14 v3.01 AMS font symbols

(/usr/share/texlive/texmf-dist/tex/latex/amsfonts/amsfonts.sty
Package: amsfonts 2013/01/14 v3.01 Basic AMSFonts support
\symAMSa=\mathgroup4
\symAMSb=\mathgroup5
LaTeX Font Info:    Redeclaring math symbol \hbar on input line 98.
LaTeX Font Info:    Overwriting math alphabet `\mathfrak' in version `bold'
(Font)                  U/euf/m/n --> U/euf/b/n on input line 106.
))
(/usr/share/texlive/texmf-dist/tex/latex/multirow/multirow.sty
Package: multirow 2021/03/15 v2.8 Span multiple rows of a table
\multirow@colwidth=\skip65
\multirow@cntb=\count287
\multirow@dima=\skip66
\bigstrutjot=\dimen173
)
(/usr/share/texlive/texmf-dist/tex/latex/tools/tabularx.sty
Package: tabularx 2023/07/08 v2.11c `tabularx' package (DPC)
\TX@col@width=\dimen174
\TX@old@table=\dimen175
\TX@old@col=\dimen176
\TX@target=\dimen177
\TX@delta=\dimen178
\TX@cols=\count288
\TX@ftn=\toks33
)
(/usr/share/texlive/texmf-dist/tex/latex/enumitem/enumitem.sty
Package: enumitem 2019/06/20 v3.9 Customized lists
\labelindent=\skip67
\enit@outerparindent=\dimen179
\enit@toks=\toks34
\enit@inbox=\box60
\enit@count@id=\count289
\enitdp@description=\count290
)
(/usr/share/texlive/texmf-dist/tex/latex/listings/listings.sty
\lst@mode=\count291
\lst@gtempboxa=\box61
\lst@token=\toks35
\lst@length=\count292
\lst@currlwidth=\dimen180
\lst@column=\count293
\lst@pos=\count294
\lst@lostspace=\dimen181
\lst@width=\dimen182
\lst@newlines=\count295
\lst@lineno=\count296
\lst@maxwidth=\dimen183

(/usr/share/texlive/texmf-dist/tex/latex/listings/lstmisc.sty
File: lstmisc.sty 2023/02/27 1.9 (Carsten Heinz)
\c@lstnumber=\count297
\lst@skipnumbers=\count298
\lst@framebox=\box62
)
(/usr/share/texlive/texmf-dist/tex/latex/listings/listings.cfg
File: listings.cfg 2023/02/27 1.9 listings configuration
))
Package: listings 2023/02/27 1.9 (Carsten Heinz)

(/usr/share/texlive/texmf-dist/tex/latex/minted/minted.sty
Package: minted 2023/12/18 v2.9 Yet another Pygments shim for LaTeX

(/usr/share/texlive/texmf-dist/tex/latex/kvoptions/kvoptions.sty
Package: kvoptions 2022-06-15 v3.15 Key value format for package options (HO)

(/usr/share/texlive/texmf-dist/tex/generic/ltxcmds/ltxcmds.sty
Package: ltxcmds 2023-12-04 v1.26 LaTeX kernel commands for general use (HO)
)
(/usr/share/texlive/texmf-dist/tex/latex/kvsetkeys/kvsetkeys.sty
Package: kvsetkeys 2022-10-05 v1.19 Key value parser (HO)
))
(/usr/share/texlive/texmf-dist/tex/latex/fvextra/fvextra.sty
Package: fvextra 2023/11/28 v1.6.1 fvextra - extensions and patches for fancyvr
b

(/usr/share/texlive/texmf-dist/tex/latex/etoolbox/etoolbox.sty
Package: etoolbox 2020/10/05 v2.5k e-TeX tools for LaTeX (JAW)
\etb@tempcnta=\count299
)
(/usr/share/texlive/texmf-dist/tex/latex/fancyvrb/fancyvrb.sty
Package: fancyvrb 2024/01/20 4.5c verbatim text (tvz,hv)
\FV@CodeLineNo=\count300
\FV@InFile=\read3
\FV@TabBox=\box63
\c@FancyVerbLine=\count301
\FV@StepNumber=\count302
\FV@OutFile=\write3
)
(/usr/share/texlive/texmf-dist/tex/latex/upquote/upquote.sty
Package: upquote 2012/04/19 v1.3 upright-quote and grave-accent glyphs in verba
tim
)
(/usr/share/texlive/texmf-dist/tex/latex/lineno/lineno.sty
Package: lineno 2023/05/20 line numbers on paragraphs v5.3
\linenopenalty=\count303
\output=\toks36
\linenoprevgraf=\count304
\linenumbersep=\dimen184
\linenumberwidth=\dimen185
\c@linenumber=\count305
\c@pagewiselinenumber=\count306
\c@LN@truepage=\count307
\c@internallinenumber=\count308
\c@internallinenumbers=\count309
\quotelinenumbersep=\dimen186
\bframerule=\dimen187
\bframesep=\dimen188
\bframebox=\box64
\linenoamsmath@ams@eqpen=\count310
LaTeX Info: Redefining \\ on input line 3180.
)
\c@FancyVerbWriteLine=\count311
\c@FancyVerbBufferIndex=\count312
\c@FancyVerbBufferLength=\count313
\c@FancyVerbBufferLine=\count314
\c@FV@oldbufferlength=\count315
\c@FV@TrueTabGroupLevel=\count316
\c@FV@TrueTabCounter=\count317
\FV@TabBox@Group=\box65
\FV@TmpLength=\skip68
\c@FV@HighlightLinesStart=\count318
\c@FV@HighlightLinesStop=\count319
\FV@LoopCount=\count320
\FV@NCharsBox=\box66
\FV@BreakIndent=\dimen189
\FV@BreakIndentNChars=\count321
\FV@BreakSymbolSepLeft=\dimen190
\FV@BreakSymbolSepLeftNChars=\count322
\FV@BreakSymbolSepRight=\dimen191
\FV@BreakSymbolSepRightNChars=\count323
\FV@BreakSymbolIndentLeft=\dimen192
\FV@BreakSymbolIndentLeftNChars=\count324
\FV@BreakSymbolIndentRight=\dimen193
\FV@BreakSymbolIndentRightNChars=\count325
\c@FancyVerbLineBreakLast=\count326
\FV@LineBox=\box67
\FV@LineIndentBox=\box68
\c@FV@BreakBufferDepth=\count327
\FV@LineWidth=\dimen194
)
(/usr/share/texlive/texmf-dist/tex/latex/base/ifthen.sty
Package: ifthen 2022/04/13 v1.1d Standard LaTeX ifthen package (DPC)
)
(/usr/share/texlive/texmf-dist/tex/latex/tools/shellesc.sty
Package: shellesc 2023/07/08 v1.0d unified shell escape interface for LaTeX
Package shellesc Info: Unrestricted shell escape enabled on input line 75.
)
(/usr/share/texlive/texmf-dist/tex/latex/ifplatform/ifplatform.sty
Package: ifplatform 2017/10/13 v0.4a Testing for the operating system

(/usr/share/texlive/texmf-dist/tex/generic/pdftexcmds/pdftexcmds.sty
Package: pdftexcmds 2020-06-27 v0.33 Utility functions of pdfTeX for LuaTeX (HO
)

(/usr/share/texlive/texmf-dist/tex/generic/infwarerr/infwarerr.sty
Package: infwarerr 2019/12/03 v1.5 Providing info/warning/error messages (HO)
)
Package pdftexcmds Info: \pdf@primitive is available.
Package pdftexcmds Info: \pdf@ifprimitive is available.
Package pdftexcmds Info: \pdfdraftmode found.
)
(/usr/share/texlive/texmf-dist/tex/generic/catchfile/catchfile.sty
Package: catchfile 2019/12/09 v1.8 Catch the contents of a file (HO)

(/usr/share/texlive/texmf-dist/tex/generic/etexcmds/etexcmds.sty
Package: etexcmds 2019/12/15 v1.7 Avoid name clashes with e-TeX commands (HO)
))
(/usr/share/texlive/texmf-dist/tex/generic/iftex/ifluatex.sty
Package: ifluatex 2019/10/25 v1.5 ifluatex legacy package. Use iftex instead.
)
runsystem(uname -s > "__memoria.w18")...executed.

 (./__memoria.w18)
runsystem(rm -- "__memoria.w18")...executed.

) (/usr/share/texlive/texmf-dist/tex/generic/xstring/xstring.sty
(/usr/share/texlive/texmf-dist/tex/generic/xstring/xstring.tex
\xs_counta=\count328
\xs_countb=\count329
)
Package: xstring 2023/08/22 v1.86 String manipulations (CT)
)
(/usr/share/texlive/texmf-dist/tex/latex/framed/framed.sty
Package: framed 2011/10/22 v 0.96: framed or shaded text with page breaks
\OuterFrameSep=\skip69
\fb@frw=\dimen195
\fb@frh=\dimen196
\FrameRule=\dimen197
\FrameSep=\dimen198
)
(/usr/share/texlive/texmf-dist/tex/latex/newfloat/newfloat.sty
Package: newfloat 2023/10/01 v1.2 Defining new floating environments (AR)
Package newfloat Info: Document class `book' detected (original).
Package newfloat Info: `wrapfig' package detected.
)
\minted@appexistsfile=\read4
\minted@bgbox=\box69
\minted@code=\write4
\c@minted@FancyVerbLineTemp=\count330
\c@minted@pygmentizecounter=\count331
Package newfloat Info: New float `listing' with options `fileext=lol,placement=
tbp' on input line 1221.
\c@listing=\count332
Package newfloat Info: float type `listing'=4 on input line 1221.
Package caption Info: New subtype `sublisting' on input line 1221.
\c@sublisting=\count333
)
runsystem(mkdir -p _minted-__memoria)...executed.


(/usr/share/texlive/texmf-dist/tex/latex/pgf/frontendlayer/tikz.sty
(/usr/share/texlive/texmf-dist/tex/latex/pgf/basiclayer/pgf.sty
(/usr/share/texlive/texmf-dist/tex/latex/pgf/utilities/pgfrcs.sty
(/usr/share/texlive/texmf-dist/tex/generic/pgf/utilities/pgfutil-common.tex
\pgfutil@everybye=\toks37
\pgfutil@tempdima=\dimen199
\pgfutil@tempdimb=\dimen256
)
(/usr/share/texlive/texmf-dist/tex/generic/pgf/utilities/pgfutil-latex.def
\pgfutil@abb=\box70
)
(/usr/share/texlive/texmf-dist/tex/generic/pgf/utilities/pgfrcs.code.tex
(/usr/share/texlive/texmf-dist/tex/generic/pgf/pgf.revision.tex)
Package: pgfrcs 2023-01-15 v3.1.10 (3.1.10)
))
Package: pgf 2023-01-15 v3.1.10 (3.1.10)

(/usr/share/texlive/texmf-dist/tex/latex/pgf/basiclayer/pgfcore.sty
(/usr/share/texlive/texmf-dist/tex/latex/pgf/systemlayer/pgfsys.sty
(/usr/share/texlive/texmf-dist/tex/generic/pgf/systemlayer/pgfsys.code.tex
Package: pgfsys 2023-01-15 v3.1.10 (3.1.10)

(/usr/share/texlive/texmf-dist/tex/generic/pgf/utilities/pgfkeys.code.tex
\pgfkeys@pathtoks=\toks38
\pgfkeys@temptoks=\toks39

(/usr/share/texlive/texmf-dist/tex/generic/pgf/utilities/pgfkeyslibraryfiltered
.code.tex
\pgfkeys@tmptoks=\toks40
))
\pgf@x=\dimen257
\pgf@y=\dimen258
\pgf@xa=\dimen259
\pgf@ya=\dimen260
\pgf@xb=\dimen261
\pgf@yb=\dimen262
\pgf@xc=\dimen263
\pgf@yc=\dimen264
\pgf@xd=\dimen265
\pgf@yd=\dimen266
\w@pgf@writea=\write5
\r@pgf@reada=\read5
\c@pgf@counta=\count334
\c@pgf@countb=\count335
\c@pgf@countc=\count336
\c@pgf@countd=\count337
\t@pgf@toka=\toks41
\t@pgf@tokb=\toks42
\t@pgf@tokc=\toks43
\pgf@sys@id@count=\count338
 (/usr/share/texlive/texmf-dist/tex/generic/pgf/systemlayer/pgf.cfg
File: pgf.cfg 2023-01-15 v3.1.10 (3.1.10)
)
Driver file for pgf: pgfsys-pdftex.def
(/usr/share/texlive/texmf-dist/tex/generic/pgf/systemlayer/pgfsys-pdftex.def
File: pgfsys-pdftex.def 2023-01-15 v3.1.10 (3.1.10)

(/usr/share/texlive/texmf-dist/tex/generic/pgf/systemlayer/pgfsys-common-pdf.de
f
File: pgfsys-common-pdf.def 2023-01-15 v3.1.10 (3.1.10)
)))
(/usr/share/texlive/texmf-dist/tex/generic/pgf/systemlayer/pgfsyssoftpath.code.
tex
File: pgfsyssoftpath.code.tex 2023-01-15 v3.1.10 (3.1.10)
\pgfsyssoftpath@smallbuffer@items=\count339
\pgfsyssoftpath@bigbuffer@items=\count340
)
(/usr/share/texlive/texmf-dist/tex/generic/pgf/systemlayer/pgfsysprotocol.code.
tex
File: pgfsysprotocol.code.tex 2023-01-15 v3.1.10 (3.1.10)
))
(/usr/share/texlive/texmf-dist/tex/generic/pgf/basiclayer/pgfcore.code.tex
Package: pgfcore 2023-01-15 v3.1.10 (3.1.10)

(/usr/share/texlive/texmf-dist/tex/generic/pgf/math/pgfmath.code.tex
(/usr/share/texlive/texmf-dist/tex/generic/pgf/math/pgfmathutil.code.tex)
(/usr/share/texlive/texmf-dist/tex/generic/pgf/math/pgfmathparser.code.tex
\pgfmath@dimen=\dimen267
\pgfmath@count=\count341
\pgfmath@box=\box71
\pgfmath@toks=\toks44
\pgfmath@stack@operand=\toks45
\pgfmath@stack@operation=\toks46
)
(/usr/share/texlive/texmf-dist/tex/generic/pgf/math/pgfmathfunctions.code.tex)
(/usr/share/texlive/texmf-dist/tex/generic/pgf/math/pgfmathfunctions.basic.code
.tex)
(/usr/share/texlive/texmf-dist/tex/generic/pgf/math/pgfmathfunctions.trigonomet
ric.code.tex)
(/usr/share/texlive/texmf-dist/tex/generic/pgf/math/pgfmathfunctions.random.cod
e.tex)
(/usr/share/texlive/texmf-dist/tex/generic/pgf/math/pgfmathfunctions.comparison
.code.tex)
(/usr/share/texlive/texmf-dist/tex/generic/pgf/math/pgfmathfunctions.base.code.
tex)
(/usr/share/texlive/texmf-dist/tex/generic/pgf/math/pgfmathfunctions.round.code
.tex)
(/usr/share/texlive/texmf-dist/tex/generic/pgf/math/pgfmathfunctions.misc.code.
tex)
(/usr/share/texlive/texmf-dist/tex/generic/pgf/math/pgfmathfunctions.integerari
thmetics.code.tex)
(/usr/share/texlive/texmf-dist/tex/generic/pgf/math/pgfmathcalc.code.tex)
(/usr/share/texlive/texmf-dist/tex/generic/pgf/math/pgfmathfloat.code.tex
\c@pgfmathroundto@lastzeros=\count342
))
(/usr/share/texlive/texmf-dist/tex/generic/pgf/math/pgfint.code.tex)
(/usr/share/texlive/texmf-dist/tex/generic/pgf/basiclayer/pgfcorepoints.code.te
x
File: pgfcorepoints.code.tex 2023-01-15 v3.1.10 (3.1.10)
\pgf@picminx=\dimen268
\pgf@picmaxx=\dimen269
\pgf@picminy=\dimen270
\pgf@picmaxy=\dimen271
\pgf@pathminx=\dimen272
\pgf@pathmaxx=\dimen273
\pgf@pathminy=\dimen274
\pgf@pathmaxy=\dimen275
\pgf@xx=\dimen276
\pgf@xy=\dimen277
\pgf@yx=\dimen278
\pgf@yy=\dimen279
\pgf@zx=\dimen280
\pgf@zy=\dimen281
)
(/usr/share/texlive/texmf-dist/tex/generic/pgf/basiclayer/pgfcorepathconstruct.
code.tex
File: pgfcorepathconstruct.code.tex 2023-01-15 v3.1.10 (3.1.10)
\pgf@path@lastx=\dimen282
\pgf@path@lasty=\dimen283
)
(/usr/share/texlive/texmf-dist/tex/generic/pgf/basiclayer/pgfcorepathusage.code
.tex
File: pgfcorepathusage.code.tex 2023-01-15 v3.1.10 (3.1.10)
\pgf@shorten@end@additional=\dimen284
\pgf@shorten@start@additional=\dimen285
)
(/usr/share/texlive/texmf-dist/tex/generic/pgf/basiclayer/pgfcorescopes.code.te
x
File: pgfcorescopes.code.tex 2023-01-15 v3.1.10 (3.1.10)
\pgfpic=\box72
\pgf@hbox=\box73
\pgf@layerbox@main=\box74
\pgf@picture@serial@count=\count343
)
(/usr/share/texlive/texmf-dist/tex/generic/pgf/basiclayer/pgfcoregraphicstate.c
ode.tex
File: pgfcoregraphicstate.code.tex 2023-01-15 v3.1.10 (3.1.10)
\pgflinewidth=\dimen286
)
(/usr/share/texlive/texmf-dist/tex/generic/pgf/basiclayer/pgfcoretransformation
s.code.tex
File: pgfcoretransformations.code.tex 2023-01-15 v3.1.10 (3.1.10)
\pgf@pt@x=\dimen287
\pgf@pt@y=\dimen288
\pgf@pt@temp=\dimen289
)
(/usr/share/texlive/texmf-dist/tex/generic/pgf/basiclayer/pgfcorequick.code.tex
File: pgfcorequick.code.tex 2023-01-15 v3.1.10 (3.1.10)
)
(/usr/share/texlive/texmf-dist/tex/generic/pgf/basiclayer/pgfcoreobjects.code.t
ex
File: pgfcoreobjects.code.tex 2023-01-15 v3.1.10 (3.1.10)
)
(/usr/share/texlive/texmf-dist/tex/generic/pgf/basiclayer/pgfcorepathprocessing
.code.tex
File: pgfcorepathprocessing.code.tex 2023-01-15 v3.1.10 (3.1.10)
)
(/usr/share/texlive/texmf-dist/tex/generic/pgf/basiclayer/pgfcorearrows.code.te
x
File: pgfcorearrows.code.tex 2023-01-15 v3.1.10 (3.1.10)
\pgfarrowsep=\dimen290
)
(/usr/share/texlive/texmf-dist/tex/generic/pgf/basiclayer/pgfcoreshade.code.tex
File: pgfcoreshade.code.tex 2023-01-15 v3.1.10 (3.1.10)
\pgf@max=\dimen291
\pgf@sys@shading@range@num=\count344
\pgf@shadingcount=\count345
)
(/usr/share/texlive/texmf-dist/tex/generic/pgf/basiclayer/pgfcoreimage.code.tex
File: pgfcoreimage.code.tex 2023-01-15 v3.1.10 (3.1.10)
)
(/usr/share/texlive/texmf-dist/tex/generic/pgf/basiclayer/pgfcoreexternal.code.
tex
File: pgfcoreexternal.code.tex 2023-01-15 v3.1.10 (3.1.10)
\pgfexternal@startupbox=\box75
)
(/usr/share/texlive/texmf-dist/tex/generic/pgf/basiclayer/pgfcorelayers.code.te
x
File: pgfcorelayers.code.tex 2023-01-15 v3.1.10 (3.1.10)
)
(/usr/share/texlive/texmf-dist/tex/generic/pgf/basiclayer/pgfcoretransparency.c
ode.tex
File: pgfcoretransparency.code.tex 2023-01-15 v3.1.10 (3.1.10)
)
(/usr/share/texlive/texmf-dist/tex/generic/pgf/basiclayer/pgfcorepatterns.code.
tex
File: pgfcorepatterns.code.tex 2023-01-15 v3.1.10 (3.1.10)
)
(/usr/share/texlive/texmf-dist/tex/generic/pgf/basiclayer/pgfcorerdf.code.tex
File: pgfcorerdf.code.tex 2023-01-15 v3.1.10 (3.1.10)
)))
(/usr/share/texlive/texmf-dist/tex/generic/pgf/modules/pgfmoduleshapes.code.tex
File: pgfmoduleshapes.code.tex 2023-01-15 v3.1.10 (3.1.10)
\pgfnodeparttextbox=\box76
) (/usr/share/texlive/texmf-dist/tex/generic/pgf/modules/pgfmoduleplot.code.tex
File: pgfmoduleplot.code.tex 2023-01-15 v3.1.10 (3.1.10)
)
(/usr/share/texlive/texmf-dist/tex/latex/pgf/compatibility/pgfcomp-version-0-65
.sty
Package: pgfcomp-version-0-65 2023-01-15 v3.1.10 (3.1.10)
\pgf@nodesepstart=\dimen292
\pgf@nodesepend=\dimen293
)
(/usr/share/texlive/texmf-dist/tex/latex/pgf/compatibility/pgfcomp-version-1-18
.sty
Package: pgfcomp-version-1-18 2023-01-15 v3.1.10 (3.1.10)
)) (/usr/share/texlive/texmf-dist/tex/latex/pgf/utilities/pgffor.sty
(/usr/share/texlive/texmf-dist/tex/latex/pgf/utilities/pgfkeys.sty
(/usr/share/texlive/texmf-dist/tex/generic/pgf/utilities/pgfkeys.code.tex))
(/usr/share/texlive/texmf-dist/tex/latex/pgf/math/pgfmath.sty
(/usr/share/texlive/texmf-dist/tex/generic/pgf/math/pgfmath.code.tex))
(/usr/share/texlive/texmf-dist/tex/generic/pgf/utilities/pgffor.code.tex
Package: pgffor 2023-01-15 v3.1.10 (3.1.10)
\pgffor@iter=\dimen294
\pgffor@skip=\dimen295
\pgffor@stack=\toks47
\pgffor@toks=\toks48
))
(/usr/share/texlive/texmf-dist/tex/generic/pgf/frontendlayer/tikz/tikz.code.tex
Package: tikz 2023-01-15 v3.1.10 (3.1.10)

(/usr/share/texlive/texmf-dist/tex/generic/pgf/libraries/pgflibraryplothandlers
.code.tex
File: pgflibraryplothandlers.code.tex 2023-01-15 v3.1.10 (3.1.10)
\pgf@plot@mark@count=\count346
\pgfplotmarksize=\dimen296
)
\tikz@lastx=\dimen297
\tikz@lasty=\dimen298
\tikz@lastxsaved=\dimen299
\tikz@lastysaved=\dimen300
\tikz@lastmovetox=\dimen301
\tikz@lastmovetoy=\dimen302
\tikzleveldistance=\dimen303
\tikzsiblingdistance=\dimen304
\tikz@figbox=\box77
\tikz@figbox@bg=\box78
\tikz@tempbox=\box79
\tikz@tempbox@bg=\box80
\tikztreelevel=\count347
\tikznumberofchildren=\count348
\tikznumberofcurrentchild=\count349
\tikz@fig@count=\count350

(/usr/share/texlive/texmf-dist/tex/generic/pgf/modules/pgfmodulematrix.code.tex
File: pgfmodulematrix.code.tex 2023-01-15 v3.1.10 (3.1.10)
\pgfmatrixcurrentrow=\count351
\pgfmatrixcurrentcolumn=\count352
\pgf@matrix@numberofcolumns=\count353
)
\tikz@expandcount=\count354

(/usr/share/texlive/texmf-dist/tex/generic/pgf/frontendlayer/tikz/libraries/tik
zlibrarytopaths.code.tex
File: tikzlibrarytopaths.code.tex 2023-01-15 v3.1.10 (3.1.10)
)))
(/usr/share/texlive/texmf-dist/tex/generic/pgf/frontendlayer/tikz/libraries/tik
zlibraryshapes.geometric.code.tex
File: tikzlibraryshapes.geometric.code.tex 2023-01-15 v3.1.10 (3.1.10)

(/usr/share/texlive/texmf-dist/tex/generic/pgf/libraries/shapes/pgflibraryshape
s.geometric.code.tex
File: pgflibraryshapes.geometric.code.tex 2023-01-15 v3.1.10 (3.1.10)
))
(/usr/share/texlive/texmf-dist/tex/generic/pgf/frontendlayer/tikz/libraries/tik
zlibraryarrows.code.tex
File: tikzlibraryarrows.code.tex 2023-01-15 v3.1.10 (3.1.10)

(/usr/share/texlive/texmf-dist/tex/generic/pgf/libraries/pgflibraryarrows.code.
tex
File: pgflibraryarrows.code.tex 2023-01-15 v3.1.10 (3.1.10)
\arrowsize=\dimen305
)) (/usr/share/texlive/texmf-dist/tex/latex/titlesec/titlesec.sty
Package: titlesec 2023/10/27 v2.16 Sectioning titles
\ttl@box=\box81
\beforetitleunit=\skip70
\aftertitleunit=\skip71
\ttl@plus=\dimen306
\ttl@minus=\dimen307
\ttl@toksa=\toks49
\titlewidth=\dimen308
\titlewidthlast=\dimen309
\titlewidthfirst=\dimen310
)
(/usr/share/texlive/texmf-dist/tex/latex/pdfpages/pdfpages.sty
Package: pdfpages 2024/01/21 v0.5y Insert pages of external PDF documents (AM)

(/usr/share/texlive/texmf-dist/tex/latex/tools/calc.sty
Package: calc 2023/07/08 v4.3 Infix arithmetic (KKT,FJ)
\calc@Acount=\count355
\calc@Bcount=\count356
\calc@Adimen=\dimen311
\calc@Bdimen=\dimen312
\calc@Askip=\skip72
\calc@Bskip=\skip73
LaTeX Info: Redefining \setlength on input line 80.
LaTeX Info: Redefining \addtolength on input line 81.
\calc@Ccount=\count357
\calc@Cskip=\skip74
)
(/usr/share/texlive/texmf-dist/tex/latex/eso-pic/eso-pic.sty
Package: eso-pic 2023/05/03 v3.0c eso-pic (RN)
\ESO@tempdima=\dimen313
\ESO@tempdimb=\dimen314
)
\AM@pagewidth=\dimen315
\AM@pageheight=\dimen316
\AM@fboxrule=\dimen317

(/usr/share/texlive/texmf-dist/tex/latex/pdfpages/pppdftex.def
File: pppdftex.def 2024/01/21 v0.5y Pdfpages driver for pdfTeX (AM)
)
\pdfpages@includegraphics@status=\count358
\AM@pagebox=\box82
\AM@global@opts=\toks50
\AM@pagecnt=\count359
\AM@toc@title=\toks51
\AM@lof@heading=\toks52
\c@AM@survey=\count360
\AM@templatesizebox=\box83
)
(/usr/share/texlive/texmf-dist/tex/latex/pdflscape/pdflscape.sty
Package: pdflscape 2022-10-27 v0.13 Display of landscape pages in PDF

(/usr/share/texlive/texmf-dist/tex/latex/pdflscape/pdflscape-nometadata.sty
Package: pdflscape-nometadata 2022-10-28 v0.13 Display of landscape pages in PD
F (HO)

(/usr/share/texlive/texmf-dist/tex/latex/graphics/lscape.sty
Package: lscape 2020/05/28 v3.02 Landscape Pages (DPC)
)
Package pdflscape Info: Auto-detected driver: pdftex on input line 81.
))
(/usr/share/texlive/texmf-dist/tex/latex/hyperref/hyperref.sty
Package: hyperref 2024-01-20 v7.01h Hypertext links for LaTeX

(/usr/share/texlive/texmf-dist/tex/generic/kvdefinekeys/kvdefinekeys.sty
Package: kvdefinekeys 2019-12-19 v1.6 Define keys (HO)
)
(/usr/share/texlive/texmf-dist/tex/generic/pdfescape/pdfescape.sty
Package: pdfescape 2019/12/09 v1.15 Implements pdfTeX's escape features (HO)
)
(/usr/share/texlive/texmf-dist/tex/latex/hycolor/hycolor.sty
Package: hycolor 2020-01-27 v1.10 Color options for hyperref/bookmark (HO)
)
(/usr/share/texlive/texmf-dist/tex/latex/auxhook/auxhook.sty
Package: auxhook 2019-12-17 v1.6 Hooks for auxiliary files (HO)
)
(/usr/share/texlive/texmf-dist/tex/latex/hyperref/nameref.sty
Package: nameref 2023-11-26 v2.56 Cross-referencing by name of section

(/usr/share/texlive/texmf-dist/tex/latex/refcount/refcount.sty
Package: refcount 2019/12/15 v3.6 Data extraction from label references (HO)
)
(/usr/share/texlive/texmf-dist/tex/generic/gettitlestring/gettitlestring.sty
Package: gettitlestring 2019/12/15 v1.6 Cleanup title references (HO)
)
\c@section@level=\count361
)
\@linkdim=\dimen318
\Hy@linkcounter=\count362
\Hy@pagecounter=\count363

(/usr/share/texlive/texmf-dist/tex/latex/hyperref/pd1enc.def
File: pd1enc.def 2024-01-20 v7.01h Hyperref: PDFDocEncoding definition (HO)
Now handling font encoding PD1 ...
... no UTF-8 mapping file for font encoding PD1
)
(/usr/share/texlive/texmf-dist/tex/generic/intcalc/intcalc.sty
Package: intcalc 2019/12/15 v1.3 Expandable calculations with integers (HO)
)
\Hy@SavedSpaceFactor=\count364

(/usr/share/texlive/texmf-dist/tex/latex/hyperref/puenc.def
File: puenc.def 2024-01-20 v7.01h Hyperref: PDF Unicode definition (HO)
Now handling font encoding PU ...
... no UTF-8 mapping file for font encoding PU
)
Package hyperref Info: Hyper figures OFF on input line 4179.
Package hyperref Info: Link nesting OFF on input line 4184.
Package hyperref Info: Hyper index ON on input line 4187.
Package hyperref Info: Plain pages OFF on input line 4194.
Package hyperref Info: Backreferencing OFF on input line 4199.
Package hyperref Info: Implicit mode ON; LaTeX internals redefined.
Package hyperref Info: Bookmarks ON on input line 4446.
\c@Hy@tempcnt=\count365

(/usr/share/texlive/texmf-dist/tex/latex/url/url.sty
\Urlmuskip=\muskip17
Package: url 2013/09/16  ver 3.4  Verb mode for urls, etc.
)
LaTeX Info: Redefining \url on input line 4784.
\XeTeXLinkMargin=\dimen319

(/usr/share/texlive/texmf-dist/tex/generic/bitset/bitset.sty
Package: bitset 2019/12/09 v1.3 Handle bit-vector datatype (HO)

(/usr/share/texlive/texmf-dist/tex/generic/bigintcalc/bigintcalc.sty
Package: bigintcalc 2019/12/15 v1.5 Expandable calculations on big integers (HO
)
))
\Fld@menulength=\count366
\Field@Width=\dimen320
\Fld@charsize=\dimen321
Package hyperref Info: Hyper figures OFF on input line 6063.
Package hyperref Info: Link nesting OFF on input line 6068.
Package hyperref Info: Hyper index ON on input line 6071.
Package hyperref Info: backreferencing OFF on input line 6078.
Package hyperref Info: Link coloring OFF on input line 6083.
Package hyperref Info: Link coloring with OCG OFF on input line 6088.
Package hyperref Info: PDF/A mode OFF on input line 6093.

(/usr/share/texlive/texmf-dist/tex/latex/base/atbegshi-ltx.sty
Package: atbegshi-ltx 2021/01/10 v1.0c Emulation of the original atbegshi
package with kernel methods
)
\Hy@abspage=\count367
\c@Item=\count368
\c@Hfootnote=\count369
)
Package hyperref Info: Driver (autodetected): hpdftex.

(/usr/share/texlive/texmf-dist/tex/latex/hyperref/hpdftex.def
File: hpdftex.def 2024-01-20 v7.01h Hyperref driver for pdfTeX

(/usr/share/texlive/texmf-dist/tex/latex/base/atveryend-ltx.sty
Package: atveryend-ltx 2020/08/19 v1.0a Emulation of the original atveryend pac
kage
with kernel methods
)
\Fld@listcount=\count370
\c@bookmark@seq@number=\count371

(/usr/share/texlive/texmf-dist/tex/latex/rerunfilecheck/rerunfilecheck.sty
Package: rerunfilecheck 2022-07-10 v1.10 Rerun checks for auxiliary files (HO)

(/usr/share/texlive/texmf-dist/tex/generic/uniquecounter/uniquecounter.sty
Package: uniquecounter 2019/12/15 v1.4 Provide unlimited unique counter (HO)
)
Package uniquecounter Info: New unique counter `rerunfilecheck' on input line 2
85.
)
\Hy@SectionHShift=\skip75
)
Package hyperref Info: Option `colorlinks' set `false' on input line 82.

(/usr/share/texlive/texmf-dist/tex/latex/natbib/natbib.sty
Package: natbib 2010/09/13 8.31b (PWD, AO)
\bibhang=\skip76
\bibsep=\skip77
LaTeX Info: Redefining \cite on input line 694.
\c@NAT@ctr=\count372
)
(/usr/share/texlive/texmf-dist/tex/latex/tocbibind/tocbibind.sty
Package: tocbibind 2010/10/13 v1.5k extra ToC listings
Package tocbibind Info: The document has chapter divisions on input line 50.


Package tocbibind Note: Using chapter style headings, unless overridden.

) (/usr/share/texlive/texmf-dist/tex/latex/appendix/appendix.sty
Package: appendix 2020/02/08 v1.2c extra appendix facilities
\c@@pps=\count373
\c@@ppsavesec=\count374
\c@@ppsaveapp=\count375
)
(/usr/share/texlive/texmf-dist/tex/latex/eurosym/eurosym.sty
Package: eurosym 1998/08/06 v1.1 European currency symbol ``Euro''
\@eurobox=\box84
)
(/usr/share/texlive/texmf-dist/tex/latex/subfiles/subfiles.sty
Package: subfiles 2020/11/14 v2.2 Multi-file projects (package)

(/usr/share/texlive/texmf-dist/tex/latex/import/import.sty
Package: import 2020/04/01  v 6.2
))
(/usr/share/texlive/texmf-dist/tex/latex/datetime/datetime.sty
Package: datetime 2015/03/20 v2.60 Date Time Package

(/usr/share/texlive/texmf-dist/tex/latex/fmtcount/fmtcount.sty
Package: fmtcount 2020/01/30 v3.07

(/usr/share/texlive/texmf-dist/tex/latex/xkeyval/xkeyval.sty
Package: xkeyval 2022/06/16 v2.9 package option processing (HA)

(/usr/share/texlive/texmf-dist/tex/generic/xkeyval/xkeyval.tex
(/usr/share/texlive/texmf-dist/tex/generic/xkeyval/xkvutils.tex
\XKV@toks=\toks53
\XKV@tempa@toks=\toks54
)
\XKV@depth=\count376
File: xkeyval.tex 2014/12/03 v2.7a key=value parser (HA)
))
(/usr/share/texlive/texmf-dist/tex/latex/fmtcount/fcprefix.sty
Package: fcprefix 2012/09/28

(/usr/share/texlive/texmf-dist/tex/latex/fmtcount/fcnumparser.sty
Package: fcnumparser 2017/06/15
\fc@digit@counter=\count377
))
\c@padzeroesN=\count378
\fc@tmpcatcode=\count379
\@DT@modctr=\count380
\@ordinalctr=\count381
\@orgargctr=\count382
\@strctr=\count383
\@tmpstrctr=\count384
\@DT@loopN=\count385
\@DT@X=\count386
)
(/usr/share/texlive/texmf-dist/tex/latex/datetime/datetime-defaults.sty
Package: datetime-defaults 2013/09/10
)
\@day=\count387
\@month=\count388
\@year=\count389
\c@HOUR=\count390
\c@HOURXII=\count391
\c@MINUTE=\count392
\c@TOHOUR=\count393
\c@TOMINUTE=\count394
\c@SECOND=\count395
\currenthour=\count396
\currentminute=\count397
\currentsecond=\count398
Package datetime Info: No datetime.cfg file found, using default settings on in
put line 308.
\@dtctr=\count399
\dayofyear=\count400
\dayofweek=\count401
LaTeX Info: Redefining \today on input line 736.

(/usr/share/texlive/texmf-dist/tex/latex/datetime/dt-spanish.def
File: dt-spanish.def 2013/09/10
LaTeX Info: Redefining \datespanish on input line 85.
)
\dt@a=\toks55
\dt@b=\toks56
)
\@float@every@diagrama=\toks57
\c@diagrama=\count402
\@float@every@table=\toks58
)
runsystem(command -v pygmentize && touch __memoria.aex)...executed.

runsystem(rm __memoria.aex)...executed.

LaTeX Font Info:    Trying to load font information for T1+lmr on input line 22
.

(/usr/share/texmf/tex/latex/lm/t1lmr.fd
File: t1lmr.fd 2015/05/01 v1.6.1 Font defs for Latin Modern
)
(/usr/share/texlive/texmf-dist/tex/latex/l3backend/l3backend-pdftex.def
File: l3backend-pdftex.def 2024-01-04 L3 backend support: PDF output (pdfTeX)
\l__color_backend_stack_int=\count403
\l__pdf_internal_box=\box85
)
No file __memoria.aux.
\openout1 = `__memoria.aux'.

LaTeX Font Info:    Checking defaults for OML/cmm/m/it on input line 22.
LaTeX Font Info:    ... okay on input line 22.
LaTeX Font Info:    Checking defaults for OMS/cmsy/m/n on input line 22.
LaTeX Font Info:    ... okay on input line 22.
LaTeX Font Info:    Checking defaults for OT1/cmr/m/n on input line 22.
LaTeX Font Info:    ... okay on input line 22.
LaTeX Font Info:    Checking defaults for T1/cmr/m/n on input line 22.
LaTeX Font Info:    ... okay on input line 22.
LaTeX Font Info:    Checking defaults for TS1/cmr/m/n on input line 22.
LaTeX Font Info:    ... okay on input line 22.
LaTeX Font Info:    Checking defaults for OMX/cmex/m/n on input line 22.
LaTeX Font Info:    ... okay on input line 22.
LaTeX Font Info:    Checking defaults for U/cmr/m/n on input line 22.
LaTeX Font Info:    ... okay on input line 22.
LaTeX Font Info:    Checking defaults for PD1/pdf/m/n on input line 22.
LaTeX Font Info:    ... okay on input line 22.
LaTeX Font Info:    Checking defaults for PU/pdf/m/n on input line 22.
LaTeX Font Info:    ... okay on input line 22.
LaTeX Info: Redefining \. on input line 22.
LaTeX Info: Redefining \% on input line 22.
*geometry* driver: auto-detecting
*geometry* detected driver: pdftex
*geometry* verbose mode - [ preamble ] result:
* driver: pdftex
* paper: a4paper
* layout: <same size as paper>
* layoutoffset:(h,v)=(0.0pt,0.0pt)
* modes: includehead 
* h-part:(L,W,R)=(99.58464pt, 426.79135pt, 71.13188pt)
* v-part:(T,H,B)=(71.13188pt, 672.50832pt, 101.40665pt)
* \paperwidth=597.50787pt
* \paperheight=845.04684pt
* \textwidth=426.79135pt
* \textheight=582.50832pt
* \oddsidemargin=27.31465pt
* \evensidemargin=27.31465pt
* \topmargin=-1.1381pt
* \headheight=70.0pt
* \headsep=20.0pt
* \topskip=12.0pt
* \footskip=30.0pt
* \marginparwidth=38.0pt
* \marginparsep=7.0pt
* \columnsep=10.0pt
* \skip\footins=10.8pt plus 4.0pt minus 2.0pt
* \hoffset=0.0pt
* \voffset=0.0pt
* \mag=1000
* \@twocolumnfalse
* \@twosidefalse
* \@mparswitchfalse
* \@reversemarginfalse
* (1in=72.27pt=25.4mm, 1cm=28.453pt)

(/usr/share/texlive/texmf-dist/tex/context/base/mkii/supp-pdf.mkii
[Loading MPS to PDF converter (version 2006.09.02).]
\scratchcounter=\count404
\scratchdimen=\dimen322
\scratchbox=\box86
\nofMPsegments=\count405
\nofMParguments=\count406
\everyMPshowfont=\toks59
\MPscratchCnt=\count407
\MPscratchDim=\dimen323
\MPnumerator=\count408
\makeMPintoPDFobject=\count409
\everyMPtoPDFconversion=\toks60
) (/usr/share/texlive/texmf-dist/tex/latex/epstopdf-pkg/epstopdf-base.sty
Package: epstopdf-base 2020-01-24 v2.11 Base part for package epstopdf
Package epstopdf-base Info: Redefining graphics rule for `.eps' on input line 4
85.

(/usr/share/texlive/texmf-dist/tex/latex/latexconfig/epstopdf-sys.cfg
File: epstopdf-sys.cfg 2010/07/13 v1.3 Configuration of (r)epstopdf for TeX Liv
e
))
Package caption Info: Begin \AtBeginDocument code.
Package caption Info: hyperref package is loaded.
Package caption Info: listings package is loaded.
Package caption Info: End \AtBeginDocument code.
\c@lstlisting=\count410
Package newfloat Info: `float' package detected.
Package hyperref Info: Link coloring OFF on input line 22.
\@outlinefile=\write6
\openout6 = `__memoria.out'.


(./Portada/cover.tex
<Portada/Img/topRightCorner.png, id=7, 372.39125pt x 176.66pt>
File: Portada/Img/topRightCorner.png Graphic file (type png)
<use Portada/Img/topRightCorner.png>
Package pdftex.def Info: Portada/Img/topRightCorner.png  used on input line 20.

(pdftex.def)             Requested size: 359.8667pt x 170.71652pt.
<Portada/Img/uco_escudo.png, id=8, 279.9258pt x 146.949pt>
File: Portada/Img/uco_escudo.png Graphic file (type png)
<use Portada/Img/uco_escudo.png>
Package pdftex.def Info: Portada/Img/uco_escudo.png  used on input line 25.
(pdftex.def)             Requested size: 108.40178pt x 56.9055pt.
<Portada/Img/LogotipoEPSC.png, id=10, 634.37pt x 190.7125pt>
File: Portada/Img/LogotipoEPSC.png Graphic file (type png)
<use Portada/Img/LogotipoEPSC.png>
Package pdftex.def Info: Portada/Img/LogotipoEPSC.png  used on input line 35.
(pdftex.def)             Requested size: 355.65944pt x 106.9263pt.
LaTeX Font Info:    Trying to load font information for OT1+lmr on input line 5
2.
 (/usr/share/texmf/tex/latex/lm/ot1lmr.fd
File: ot1lmr.fd 2015/05/01 v1.6.1 Font defs for Latin Modern
)
LaTeX Font Info:    Trying to load font information for OML+lmm on input line 5
2.

(/usr/share/texmf/tex/latex/lm/omllmm.fd
File: omllmm.fd 2015/05/01 v1.6.1 Font defs for Latin Modern
)
LaTeX Font Info:    Trying to load font information for OMS+lmsy on input line 
52.

(/usr/share/texmf/tex/latex/lm/omslmsy.fd
File: omslmsy.fd 2015/05/01 v1.6.1 Font defs for Latin Modern
)
LaTeX Font Info:    Trying to load font information for OMX+lmex on input line 
52.

(/usr/share/texmf/tex/latex/lm/omxlmex.fd
File: omxlmex.fd 2015/05/01 v1.6.1 Font defs for Latin Modern
)
LaTeX Font Info:    External font `lmex10' loaded for size
(Font)              <12> on input line 52.
LaTeX Font Info:    External font `lmex10' loaded for size
(Font)              <8> on input line 52.
LaTeX Font Info:    External font `lmex10' loaded for size
(Font)              <6> on input line 52.
LaTeX Font Info:    Trying to load font information for U+msa on input line 52.


(/usr/share/texlive/texmf-dist/tex/latex/amsfonts/umsa.fd
File: umsa.fd 2013/01/14 v3.01 AMS symbols A
)
LaTeX Font Info:    Trying to load font information for U+msb on input line 52.


(/usr/share/texlive/texmf-dist/tex/latex/amsfonts/umsb.fd
File: umsb.fd 2013/01/14 v3.01 AMS symbols B
))

Package hyperref Warning: Token not allowed in a PDF string (Unicode):
(hyperref)                removing `\c@page' on input line 34.


Package hyperref Warning: Token not allowed in a PDF string (PDFDocEncoding):
(hyperref)                removing `\c@page' on input line 34.

[1

{/var/lib/texmf/fonts/map/pdftex/updmap/pdftex.map}{/usr/share/texmf/fonts/enc/
dvips/lm/lm-ec.enc} <./Portada/Img/topRightCorner.png (PNG copy)> <./Portada/Im
g/uco_escudo.png> <./Portada/Img/LogotipoEPSC.png (PNG copy)>]

Package hyperref Warning: Token not allowed in a PDF string (Unicode):
(hyperref)                removing `\c@page' on input line 37.


Package hyperref Warning: Token not allowed in a PDF string (PDFDocEncoding):
(hyperref)                removing `\c@page' on input line 37.


pdfTeX warning (ext4): destination with the same identifier (name{page.}) has b
een already used, duplicate ignored
<to be read again> 
                   \relax 
l.37 \newpage
              [2] (./0_resumen_y_abstract.tex
<Imagenes/logo_uco.png, id=23, 279.9258pt x 146.949pt>
File: Imagenes/logo_uco.png Graphic file (type png)
<use Imagenes/logo_uco.png>
Package pdftex.def Info: Imagenes/logo_uco.png  used on input line 5.
(pdftex.def)             Requested size: 97.56117pt x 51.21504pt.
 [1 <./Imagenes/logo_uco.png>]
LaTeX Info: Redefining \. on input line 14.
LaTeX Info: Redefining \% on input line 14.
File: Imagenes/logo_uco.png Graphic file (type png)
<use Imagenes/logo_uco.png>
Package pdftex.def Info: Imagenes/logo_uco.png  used on input line 14.
(pdftex.def)             Requested size: 97.56117pt x 51.21504pt.

[2

])
LaTeX Info: Redefining \. on input line 60.
LaTeX Info: Redefining \% on input line 60.
File: Imagenes/logo_uco.png Graphic file (type png)
<use Imagenes/logo_uco.png>
Package pdftex.def Info: Imagenes/logo_uco.png  used on input line 60.
(pdftex.def)             Requested size: 97.56117pt x 51.21504pt.
 [3

]
No file __memoria.toc.
\tf@toc=\write7
\openout7 = `__memoria.toc'.

LaTeX Info: Redefining \. on input line 64.
LaTeX Info: Redefining \% on input line 64.
File: Imagenes/logo_uco.png Graphic file (type png)
<use Imagenes/logo_uco.png>
Package pdftex.def Info: Imagenes/logo_uco.png  used on input line 64.
(pdftex.def)             Requested size: 97.56117pt x 51.21504pt.
[4


]
No file __memoria.lof.
\tf@lof=\write8
\openout8 = `__memoria.lof'.

LaTeX Info: Redefining \. on input line 67.
LaTeX Info: Redefining \% on input line 67.
File: Imagenes/logo_uco.png Graphic file (type png)
<use Imagenes/logo_uco.png>
Package pdftex.def Info: Imagenes/logo_uco.png  used on input line 67.
(pdftex.def)             Requested size: 97.56117pt x 51.21504pt.
[5


]
No file __memoria.lot.
\tf@lot=\write9
\openout9 = `__memoria.lot'.

LaTeX Info: Redefining \. on input line 79.
LaTeX Info: Redefining \% on input line 79.
File: Imagenes/logo_uco.png Graphic file (type png)
<use Imagenes/logo_uco.png>
Package pdftex.def Info: Imagenes/logo_uco.png  used on input line 79.
(pdftex.def)             Requested size: 97.56117pt x 51.21504pt.
[6


] (./sections/practica1/practica1.tex
Cap\'{\i }tulo 1.
LaTeX Font Info:    External font `lmex10' loaded for size
(Font)              <17.28> on input line 20.
LaTeX Font Info:    External font `lmex10' loaded for size
(Font)              <10> on input line 20.
LaTeX Font Info:    External font `lmex10' loaded for size
(Font)              <14.4> on input line 23.
LaTeX Font Info:    External font `lmex10' loaded for size
(Font)              <7> on input line 23.

Underfull \hbox (badness 10000) in paragraph at lines 24--25

 []

<sections/practica1/img/alpha-A-alpha-slow.png, id=55, 634.37pt x 466.74374pt>
File: sections/practica1/img/alpha-A-alpha-slow.png Graphic file (type png)
<use sections/practica1/img/alpha-A-alpha-slow.png>
Package pdftex.def Info: sections/practica1/img/alpha-A-alpha-slow.png  used on
 input line 26.
(pdftex.def)             Requested size: 362.77525pt x 266.92268pt.
LaTeX Info: Redefining \. on input line 27.
LaTeX Info: Redefining \% on input line 27.
File: Imagenes/logo_uco.png Graphic file (type png)
<use Imagenes/logo_uco.png>
Package pdftex.def Info: Imagenes/logo_uco.png  used on input line 27.
(pdftex.def)             Requested size: 97.56117pt x 51.21504pt.
[1


{/usr/share/texmf/fonts/enc/dvips/lm/lm-mathit.enc}{/usr/share/texmf/fonts/enc/
dvips/lm/lm-rm.enc}]
Underfull \hbox (badness 10000) in paragraph at lines 35--36

 []

<sections/practica1/img/alpha-B-alpha-opt.png, id=66, 629.35126pt x 471.7625pt>

File: sections/practica1/img/alpha-B-alpha-opt.png Graphic file (type png)
<use sections/practica1/img/alpha-B-alpha-opt.png>
Package pdftex.def Info: sections/practica1/img/alpha-B-alpha-opt.png  used on 
input line 37.
(pdftex.def)             Requested size: 362.77525pt x 271.93799pt.
LaTeX Info: Redefining \. on input line 38.
LaTeX Info: Redefining \% on input line 38.
File: Imagenes/logo_uco.png Graphic file (type png)
<use Imagenes/logo_uco.png>
Package pdftex.def Info: Imagenes/logo_uco.png  used on input line 38.
(pdftex.def)             Requested size: 97.56117pt x 51.21504pt.
[2 <./sections/practica1/img/alpha-A-alpha-slow.png>]
Underfull \hbox (badness 10000) in paragraph at lines 46--47

 []

<sections/practica1/img/alpha-C-alpha-osc.png, id=73, 461.8053pt x 346.1733pt>
File: sections/practica1/img/alpha-C-alpha-osc.png Graphic file (type png)
<use sections/practica1/img/alpha-C-alpha-osc.png>
Package pdftex.def Info: sections/practica1/img/alpha-C-alpha-osc.png  used on 
input line 48.
(pdftex.def)             Requested size: 362.77525pt x 271.95264pt.
LaTeX Info: Redefining \. on input line 49.
LaTeX Info: Redefining \% on input line 49.
File: Imagenes/logo_uco.png Graphic file (type png)
<use Imagenes/logo_uco.png>
Package pdftex.def Info: Imagenes/logo_uco.png  used on input line 49.
(pdftex.def)             Requested size: 97.56117pt x 51.21504pt.
[3 <./sections/practica1/img/alpha-B-alpha-opt.png>]
Underfull \hbox (badness 10000) in paragraph at lines 57--58

 []

<sections/practica1/img/alpha-D-alpha-fail.png, id=80, 629.35126pt x 471.7625pt
>
File: sections/practica1/img/alpha-D-alpha-fail.png Graphic file (type png)
<use sections/practica1/img/alpha-D-alpha-fail.png>
Package pdftex.def Info: sections/practica1/img/alpha-D-alpha-fail.png  used on
 input line 59.
(pdftex.def)             Requested size: 362.77525pt x 271.93799pt.
LaTeX Info: Redefining \. on input line 60.
LaTeX Info: Redefining \% on input line 60.
File: Imagenes/logo_uco.png Graphic file (type png)
<use Imagenes/logo_uco.png>
Package pdftex.def Info: Imagenes/logo_uco.png  used on input line 60.
(pdftex.def)             Requested size: 97.56117pt x 51.21504pt.
[4 <./sections/practica1/img/alpha-C-alpha-osc.png>]
LaTeX Info: Redefining \. on input line 66.
LaTeX Info: Redefining \% on input line 66.
File: Imagenes/logo_uco.png Graphic file (type png)
<use Imagenes/logo_uco.png>
Package pdftex.def Info: Imagenes/logo_uco.png  used on input line 66.
(pdftex.def)             Requested size: 97.56117pt x 51.21504pt.
 [5 <./sections/practica1/img/alpha-D-alpha-fail.png>]
<sections/practica1/img/batch-Batch-completo-b500.png, id=93, 628.3475pt x 470.
75874pt>
File: sections/practica1/img/batch-Batch-completo-b500.png Graphic file (type p
ng)
<use sections/practica1/img/batch-Batch-completo-b500.png>
Package pdftex.def Info: sections/practica1/img/batch-Batch-completo-b500.png  
used on input line 74.
(pdftex.def)             Requested size: 362.77525pt x 271.79039pt.
<sections/practica1/img/batch-Mini-batch-32-b32.png, id=94, 628.3475pt x 470.75
874pt>
File: sections/practica1/img/batch-Mini-batch-32-b32.png Graphic file (type png
)
<use sections/practica1/img/batch-Mini-batch-32-b32.png>
Package pdftex.def Info: sections/practica1/img/batch-Mini-batch-32-b32.png  us
ed on input line 79.
(pdftex.def)             Requested size: 362.77525pt x 271.79039pt.
LaTeX Info: Redefining \. on input line 80.
LaTeX Info: Redefining \% on input line 80.
File: Imagenes/logo_uco.png Graphic file (type png)
<use Imagenes/logo_uco.png>
Package pdftex.def Info: Imagenes/logo_uco.png  used on input line 80.
(pdftex.def)             Requested size: 97.56117pt x 51.21504pt.
 [6 <./sections/practica1/img/batch-Batch-completo-b500.png>]
<sections/practica1/img/batch-Estocastico-1-b1.png, id=103, 628.3475pt x 470.75
874pt>
File: sections/practica1/img/batch-Estocastico-1-b1.png Graphic file (type png)

<use sections/practica1/img/batch-Estocastico-1-b1.png>
Package pdftex.def Info: sections/practica1/img/batch-Estocastico-1-b1.png  use
d on input line 84.
(pdftex.def)             Requested size: 362.77525pt x 271.79039pt.
LaTeX Info: Redefining \. on input line 85.
LaTeX Info: Redefining \% on input line 85.
File: Imagenes/logo_uco.png Graphic file (type png)
<use Imagenes/logo_uco.png>
Package pdftex.def Info: Imagenes/logo_uco.png  used on input line 85.
(pdftex.def)             Requested size: 97.56117pt x 51.21504pt.
 [7 <./sections/practica1/img/batch-Mini-batch-32-b32.png>]
LaTeX Info: Redefining \. on input line 96.
LaTeX Info: Redefining \% on input line 96.
File: Imagenes/logo_uco.png Graphic file (type png)
<use Imagenes/logo_uco.png>
Package pdftex.def Info: Imagenes/logo_uco.png  used on input line 96.
(pdftex.def)             Requested size: 97.56117pt x 51.21504pt.
 [8 <./sections/practica1/img/batch-Estocastico-1-b1.png>]
<sections/practica1/img/apartado-2-batch-1.png, id=118, 144.54pt x 65.24374pt>
File: sections/practica1/img/apartado-2-batch-1.png Graphic file (type png)
<use sections/practica1/img/apartado-2-batch-1.png>
Package pdftex.def Info: sections/practica1/img/apartado-2-batch-1.png  used on
 input line 104.
(pdftex.def)             Requested size: 144.53963pt x 65.24358pt.
<sections/practica1/img/apartado-2-batch-32.png, id=119, 144.54pt x 65.24374pt>

File: sections/practica1/img/apartado-2-batch-32.png Graphic file (type png)
<use sections/practica1/img/apartado-2-batch-32.png>
Package pdftex.def Info: sections/practica1/img/apartado-2-batch-32.png  used o
n input line 113.
(pdftex.def)             Requested size: 144.53963pt x 65.24358pt.
<sections/practica1/img/apartado-2-batch-500.png, id=120, 144.54pt x 65.24374pt
>
File: sections/practica1/img/apartado-2-batch-500.png Graphic file (type png)
<use sections/practica1/img/apartado-2-batch-500.png>
Package pdftex.def Info: sections/practica1/img/apartado-2-batch-500.png  used 
on input line 122.
(pdftex.def)             Requested size: 144.53963pt x 65.24358pt.
LaTeX Info: Redefining \. on input line 125.
LaTeX Info: Redefining \% on input line 125.
File: Imagenes/logo_uco.png Graphic file (type png)
<use Imagenes/logo_uco.png>
Package pdftex.def Info: Imagenes/logo_uco.png  used on input line 125.
(pdftex.def)             Requested size: 97.56117pt x 51.21504pt.
 [9 <./sections/practica1/img/apartado-2-batch-1.png> <./sections/practica1/img
/apartado-2-batch-32.png>]
<sections/practica1/img/apartad-3-Batch32alfaoptima.png, id=132, 144.54pt x 65.
24374pt>
File: sections/practica1/img/apartad-3-Batch32alfaoptima.png Graphic file (type
 png)
<use sections/practica1/img/apartad-3-Batch32alfaoptima.png>
Package pdftex.def Info: sections/practica1/img/apartad-3-Batch32alfaoptima.png
  used on input line 139.
(pdftex.def)             Requested size: 144.53963pt x 65.24358pt.
LaTeX Font Info:    External font `lmex10' loaded for size
(Font)              <10.95> on input line 140.
LaTeX Info: Redefining \. on input line 149.
LaTeX Info: Redefining \% on input line 149.
File: Imagenes/logo_uco.png Graphic file (type png)
<use Imagenes/logo_uco.png>
Package pdftex.def Info: Imagenes/logo_uco.png  used on input line 149.
(pdftex.def)             Requested size: 97.56117pt x 51.21504pt.

[10{/usr/share/texmf/fonts/enc/dvips/lm/lm-mathsy.enc} <./sections/practica1/im
g/apartado-2-batch-500.png> <./sections/practica1/img/apartad-3-Batch32alfaopti
ma.png>]) (./sections/practica2/practica2.tex
LaTeX Info: Redefining \. on input line 10.
LaTeX Info: Redefining \% on input line 10.
File: Imagenes/logo_uco.png Graphic file (type png)
<use Imagenes/logo_uco.png>
Package pdftex.def Info: Imagenes/logo_uco.png  used on input line 10.
(pdftex.def)             Requested size: 97.56117pt x 51.21504pt.
 [11]
Cap\'{\i }tulo 2.
LaTeX Font Info:    Trying to load font information for T1+lmtt on input line 2
6.
(/usr/share/texmf/tex/latex/lm/t1lmtt.fd
File: t1lmtt.fd 2015/05/01 v1.6.1 Font defs for Latin Modern
)
LaTeX Font Info:    Font shape `T1/lmtt/bx/n' in size <12> not available
(Font)              Font shape `T1/lmtt/b/n' tried instead on input line 26.

Underfull \hbox (badness 10000) in paragraph at lines 24--27

 []

LaTeX Info: Redefining \. on input line 34.
LaTeX Info: Redefining \% on input line 34.
File: Imagenes/logo_uco.png Graphic file (type png)
<use Imagenes/logo_uco.png>
Package pdftex.def Info: Imagenes/logo_uco.png  used on input line 34.
(pdftex.def)             Requested size: 97.56117pt x 51.21504pt.
[12

]
<sections/practica2/img/k=2.png, id=160, 433.01775pt x 220.4235pt>
File: sections/practica2/img/k=2.png Graphic file (type png)
<use sections/practica2/img/k=2.png>
Package pdftex.def Info: sections/practica2/img/k=2.png  used on input line 39.

(pdftex.def)             Requested size: 384.1096pt x 195.53387pt.
LaTeX Info: Redefining \. on input line 70.
LaTeX Info: Redefining \% on input line 70.
File: Imagenes/logo_uco.png Graphic file (type png)
<use Imagenes/logo_uco.png>
Package pdftex.def Info: Imagenes/logo_uco.png  used on input line 70.
(pdftex.def)             Requested size: 97.56117pt x 51.21504pt.
 [13 <./sections/practica2/img/k=2.png>]
<sections/practica2/img/k=10.png, id=167, 431.211pt x 218.61674pt>
File: sections/practica2/img/k=10.png Graphic file (type png)
<use sections/practica2/img/k=10.png>
Package pdftex.def Info: sections/practica2/img/k=10.png  used on input line 71
.
(pdftex.def)             Requested size: 384.1096pt x 194.74507pt.
<sections/practica2/img/k=100.png, id=168, 428.802pt x 219.219pt>
File: sections/practica2/img/k=100.png Graphic file (type png)
<use sections/practica2/img/k=100.png>
Package pdftex.def Info: sections/practica2/img/k=100.png  used on input line 8
7.
(pdftex.def)             Requested size: 384.1096pt x 196.37872pt.
LaTeX Info: Redefining \. on input line 88.
LaTeX Info: Redefining \% on input line 88.
File: Imagenes/logo_uco.png Graphic file (type png)
<use Imagenes/logo_uco.png>
Package pdftex.def Info: Imagenes/logo_uco.png  used on input line 88.
(pdftex.def)             Requested size: 97.56117pt x 51.21504pt.
 [14 <./sections/practica2/img/k=10.png>]
LaTeX Info: Redefining \. on input line 117.
LaTeX Info: Redefining \% on input line 117.
File: Imagenes/logo_uco.png Graphic file (type png)
<use Imagenes/logo_uco.png>
Package pdftex.def Info: Imagenes/logo_uco.png  used on input line 117.
(pdftex.def)             Requested size: 97.56117pt x 51.21504pt.
 [15 <./sections/practica2/img/k=100.png>]
<sections/practica2/img/Ra=01.png, id=183, 722.7pt x 289.08pt>
File: sections/practica2/img/Ra=01.png Graphic file (type png)
<use sections/practica2/img/Ra=01.png>
Package pdftex.def Info: sections/practica2/img/Ra=01.png  used on input line 1
36.
(pdftex.def)             Requested size: 384.1096pt x 153.64394pt.
<sections/practica2/img/Ra=10.png, id=184, 722.7pt x 289.08pt>
File: sections/practica2/img/Ra=10.png Graphic file (type png)
<use sections/practica2/img/Ra=10.png>
Package pdftex.def Info: sections/practica2/img/Ra=10.png  used on input line 1
42.
(pdftex.def)             Requested size: 384.1096pt x 153.64394pt.
<sections/practica2/img/Ra=100.png, id=185, 722.7pt x 289.08pt>
File: sections/practica2/img/Ra=100.png Graphic file (type png)
<use sections/practica2/img/Ra=100.png>
Package pdftex.def Info: sections/practica2/img/Ra=100.png  used on input line 
148.
(pdftex.def)             Requested size: 384.1096pt x 153.64394pt.
LaTeX Info: Redefining \. on input line 149.
LaTeX Info: Redefining \% on input line 149.
File: Imagenes/logo_uco.png Graphic file (type png)
<use Imagenes/logo_uco.png>
Package pdftex.def Info: Imagenes/logo_uco.png  used on input line 149.
(pdftex.def)             Requested size: 97.56117pt x 51.21504pt.
 [16 <./sections/practica2/img/Ra=01.png> <./sections/practica2/img/Ra=10.png>]
<sections/practica2/img/La=01.png, id=194, 722.7pt x 289.08pt>
File: sections/practica2/img/La=01.png Graphic file (type png)
<use sections/practica2/img/La=01.png>
Package pdftex.def Info: sections/practica2/img/La=01.png  used on input line 1
63.
(pdftex.def)             Requested size: 384.1096pt x 153.64394pt.
<sections/practica2/img/La=10.png, id=195, 722.7pt x 289.08pt>
File: sections/practica2/img/La=10.png Graphic file (type png)
<use sections/practica2/img/La=10.png>
Package pdftex.def Info: sections/practica2/img/La=10.png  used on input line 1
69.
(pdftex.def)             Requested size: 384.1096pt x 153.64394pt.
LaTeX Info: Redefining \. on input line 170.
LaTeX Info: Redefining \% on input line 170.
File: Imagenes/logo_uco.png Graphic file (type png)
<use Imagenes/logo_uco.png>
Package pdftex.def Info: Imagenes/logo_uco.png  used on input line 170.
(pdftex.def)             Requested size: 97.56117pt x 51.21504pt.
 [17 <./sections/practica2/img/Ra=100.png> <./sections/practica2/img/La=01.png>
]
<sections/practica2/img/La=100.png, id=206, 722.7pt x 289.08pt>
File: sections/practica2/img/La=100.png Graphic file (type png)
<use sections/practica2/img/La=100.png>
Package pdftex.def Info: sections/practica2/img/La=100.png  used on input line 
175.
(pdftex.def)             Requested size: 384.1096pt x 153.64394pt.
File: sections/practica2/img/La=100.png Graphic file (type png)
<use sections/practica2/img/La=100.png>
Package pdftex.def Info: sections/practica2/img/La=100.png  used on input line 
197.
(pdftex.def)             Requested size: 384.1096pt x 153.64394pt.
LaTeX Info: Redefining \. on input line 198.
LaTeX Info: Redefining \% on input line 198.
File: Imagenes/logo_uco.png Graphic file (type png)
<use Imagenes/logo_uco.png>
Package pdftex.def Info: Imagenes/logo_uco.png  used on input line 198.
(pdftex.def)             Requested size: 97.56117pt x 51.21504pt.
 [18 <./sections/practica2/img/La=10.png> <./sections/practica2/img/La=100.png>
]
LaTeX Info: Redefining \. on input line 206.
LaTeX Info: Redefining \% on input line 206.
File: Imagenes/logo_uco.png Graphic file (type png)
<use Imagenes/logo_uco.png>
Package pdftex.def Info: Imagenes/logo_uco.png  used on input line 206.
(pdftex.def)             Requested size: 97.56117pt x 51.21504pt.
 [19]
<sections/practica2/img/Reto.png, id=220, 522.15076pt x 505.28775pt>
File: sections/practica2/img/Reto.png Graphic file (type png)
<use sections/practica2/img/Reto.png>
Package pdftex.def Info: sections/practica2/img/Reto.png  used on input line 23
5.
(pdftex.def)             Requested size: 384.1096pt x 371.71742pt.
LaTeX Info: Redefining \. on input line 242.
LaTeX Info: Redefining \% on input line 242.
File: Imagenes/logo_uco.png Graphic file (type png)
<use Imagenes/logo_uco.png>
Package pdftex.def Info: Imagenes/logo_uco.png  used on input line 242.
(pdftex.def)             Requested size: 97.56117pt x 51.21504pt.
 [20 <./sections/practica2/img/Reto.png>]) (./sections/practica3/practica3.tex
LaTeX Info: Redefining \. on input line 23.
LaTeX Info: Redefining \% on input line 23.
<sections/practica3/../../Imagenes/logo_uco.png, id=227, 279.9258pt x 146.949pt
>
File: sections/practica3/../../Imagenes/logo_uco.png Graphic file (type png)
<use sections/practica3/../../Imagenes/logo_uco.png>
Package pdftex.def Info: sections/practica3/../../Imagenes/logo_uco.png  used o
n input line 23.
(pdftex.def)             Requested size: 97.56117pt x 51.21504pt.
 [21 <./sections/practica3/../../Imagenes/logo_uco.png>]
Cap\'{\i }tulo 3.
LaTeX Font Info:    Trying to load font information for TS1+lmtt on input line 
42.
(/usr/share/texmf/tex/latex/lm/ts1lmtt.fd
File: ts1lmtt.fd 2015/05/01 v1.6.1 Font defs for Latin Modern
)
LaTeX Info: Redefining \. on input line 49.
LaTeX Info: Redefining \% on input line 49.
File: sections/practica3/../../Imagenes/logo_uco.png Graphic file (type png)
<use sections/practica3/../../Imagenes/logo_uco.png>
Package pdftex.def Info: sections/practica3/../../Imagenes/logo_uco.png  used o
n input line 49.
(pdftex.def)             Requested size: 97.56117pt x 51.21504pt.
 [22

{/usr/share/texmf/fonts/enc/dvips/lm/lm-ts1.enc}]
LaTeX Info: Redefining \. on input line 93.
LaTeX Info: Redefining \% on input line 93.
File: sections/practica3/../../Imagenes/logo_uco.png Graphic file (type png)
<use sections/practica3/../../Imagenes/logo_uco.png>
Package pdftex.def Info: sections/practica3/../../Imagenes/logo_uco.png  used o
n input line 93.
(pdftex.def)             Requested size: 97.56117pt x 51.21504pt.
 [23{/usr/share/texmf/fonts/enc/dvips/lm/lm-mathex.enc}]
<sections/practica3/img/tarea1_loteria.png, id=249, 578.16pt x 289.08pt>
File: sections/practica3/img/tarea1_loteria.png Graphic file (type png)
<use sections/practica3/img/tarea1_loteria.png>
Package pdftex.def Info: sections/practica3/img/tarea1_loteria.png  used on inp
ut line 97.
(pdftex.def)             Requested size: 362.77525pt x 181.38472pt.
LaTeX Font Info:    Font shape `T1/lmtt/bx/n' in size <14.4> not available
(Font)              Font shape `T1/lmtt/b/n' tried instead on input line 114.
LaTeX Info: Redefining \. on input line 132.
LaTeX Info: Redefining \% on input line 132.
File: sections/practica3/../../Imagenes/logo_uco.png Graphic file (type png)
<use sections/practica3/../../Imagenes/logo_uco.png>
Package pdftex.def Info: sections/practica3/../../Imagenes/logo_uco.png  used o
n input line 132.
(pdftex.def)             Requested size: 97.56117pt x 51.21504pt.

[24 <./sections/practica3/img/tarea1_loteria.png>]
<sections/practica3/img/tarea2_estratificada.png, id=257, 722.7pt x 289.08pt>
File: sections/practica3/img/tarea2_estratificada.png Graphic file (type png)
<use sections/practica3/img/tarea2_estratificada.png>
Package pdftex.def Info: sections/practica3/img/tarea2_estratificada.png  used 
on input line 139.
(pdftex.def)             Requested size: 362.77525pt x 145.10866pt.


LaTeX Warning: Reference `tab:comparativa_metricas' on page 25 undefined on inp
ut line 157.

LaTeX Info: Redefining \. on input line 161.
LaTeX Info: Redefining \% on input line 161.
File: sections/practica3/../../Imagenes/logo_uco.png Graphic file (type png)
<use sections/practica3/../../Imagenes/logo_uco.png>
Package pdftex.def Info: sections/practica3/../../Imagenes/logo_uco.png  used o
n input line 161.
(pdftex.def)             Requested size: 97.56117pt x 51.21504pt.
[25 <./sections/practica3/img/tarea2_estratificada.png>]
<sections/practica3/img/tarea3_varianza.png, id=267, 1076.3412pt x 371.4678pt>
File: sections/practica3/img/tarea3_varianza.png Graphic file (type png)
<use sections/practica3/img/tarea3_varianza.png>
Package pdftex.def Info: sections/practica3/img/tarea3_varianza.png  used on in
put line 202.
(pdftex.def)             Requested size: 405.45047pt x 139.92924pt.
LaTeX Info: Redefining \. on input line 214.
LaTeX Info: Redefining \% on input line 214.
File: sections/practica3/../../Imagenes/logo_uco.png Graphic file (type png)
<use sections/practica3/../../Imagenes/logo_uco.png>
Package pdftex.def Info: sections/practica3/../../Imagenes/logo_uco.png  used o
n input line 214.
(pdftex.def)             Requested size: 97.56117pt x 51.21504pt.
 [26 <./sections/practica3/img/tarea3_varianza.png>]
Overfull \hbox (3.25246pt too wide) in paragraph at lines 214--222
[]\T1/lmr/m/it/12 ľDónde se no-ta más la me-jo-ra? \T1/lmr/m/n/12 En AUC-ROC, s
in du-da. Con \T1/lmtt/m/n/12 KFold estándar\T1/lmr/m/n/12 ,
 []

<sections/practica3/img/tarea4_leakage.png, id=279, 578.16pt x 361.35pt>
File: sections/practica3/img/tarea4_leakage.png Graphic file (type png)
<use sections/practica3/img/tarea4_leakage.png>
Package pdftex.def Info: sections/practica3/img/tarea4_leakage.png  used on inp
ut line 252.
(pdftex.def)             Requested size: 362.77525pt x 226.73091pt.
LaTeX Info: Redefining \. on input line 256.
LaTeX Info: Redefining \% on input line 256.
File: sections/practica3/../../Imagenes/logo_uco.png Graphic file (type png)
<use sections/practica3/../../Imagenes/logo_uco.png>
Package pdftex.def Info: sections/practica3/../../Imagenes/logo_uco.png  used o
n input line 256.
(pdftex.def)             Requested size: 97.56117pt x 51.21504pt.
[27]
Overfull \hbox (1.20361pt too wide) in paragraph at lines 259--261
[]\T1/lmr/m/it/12 ľQué va-ria-ble es-tá fil-tran-do in-for-ma-ción del ob-je-ti
-vo? \T1/lmr/m/n/12 La va-ria-ble \T1/lmtt/m/n/12 ID_Hospital
 []

LaTeX Info: Redefining \. on input line 279.
LaTeX Info: Redefining \% on input line 279.
File: sections/practica3/../../Imagenes/logo_uco.png Graphic file (type png)
<use sections/practica3/../../Imagenes/logo_uco.png>
Package pdftex.def Info: sections/practica3/../../Imagenes/logo_uco.png  used o
n input line 279.
(pdftex.def)             Requested size: 97.56117pt x 51.21504pt.
[28 <./sections/practica3/img/tarea4_leakage.png>])
(./sections/practica4/practica4.tex
LaTeX Info: Redefining \. on input line 23.
LaTeX Info: Redefining \% on input line 23.
<sections/practica4/../../Imagenes/logo_uco.png, id=295, 279.9258pt x 146.949pt
>
File: sections/practica4/../../Imagenes/logo_uco.png Graphic file (type png)
<use sections/practica4/../../Imagenes/logo_uco.png>
Package pdftex.def Info: sections/practica4/../../Imagenes/logo_uco.png  used o
n input line 23.
(pdftex.def)             Requested size: 97.56117pt x 51.21504pt.
 [29 <./sections/practica4/../../Imagenes/logo_uco.png>]
Cap\'{\i }tulo 4.

Overfull \hbox (79.32666pt too wide) in paragraph at lines 29--31
[]\T1/lmr/m/n/12 Se tra-ba-ja con un pro-ble-ma de cla-si-fi-ca-ción bi-na-ria 
so-bre el da-ta-set \T1/lmtt/m/n/12 fraude_transacciones.csv\T1/lmr/m/n/12 : 
 []

LaTeX Font Info:    Trying to load font information for TS1+lmr on input line 3
7.
(/usr/share/texmf/tex/latex/lm/ts1lmr.fd
File: ts1lmr.fd 2015/05/01 v1.6.1 Font defs for Latin Modern
)
Overfull \hbox (17.63965pt too wide) in paragraph at lines 48--49
[]\T1/lmr/m/n/12 Se ha en-tre-na-do una \T1/lmr/bx/n/12 Re-gre-sión Lo-gís-ti-c
a \T1/lmr/m/n/12 (\T1/lmtt/m/n/12 LogisticRegression\T1/lmr/m/n/12 , \T1/lmtt/m
/n/12 max_iter=1000\T1/lmr/m/n/12 )
 []

LaTeX Info: Redefining \. on input line 49.
LaTeX Info: Redefining \% on input line 49.
File: sections/practica4/../../Imagenes/logo_uco.png Graphic file (type png)
<use sections/practica4/../../Imagenes/logo_uco.png>
Package pdftex.def Info: sections/practica4/../../Imagenes/logo_uco.png  used o
n input line 49.
(pdftex.def)             Requested size: 97.56117pt x 51.21504pt.
[30

]
<sections/practica4/img/matriz_confusion_umbral_0_5.png, id=312, 361.35pt x 361
.35pt>
File: sections/practica4/img/matriz_confusion_umbral_0_5.png Graphic file (type
 png)
<use sections/practica4/img/matriz_confusion_umbral_0_5.png>
Package pdftex.def Info: sections/practica4/img/matriz_confusion_umbral_0_5.png
  used on input line 54.
(pdftex.def)             Requested size: 221.93332pt x 221.93394pt.
LaTeX Info: Redefining \. on input line 70.
LaTeX Info: Redefining \% on input line 70.
File: sections/practica4/../../Imagenes/logo_uco.png Graphic file (type png)
<use sections/practica4/../../Imagenes/logo_uco.png>
Package pdftex.def Info: sections/practica4/../../Imagenes/logo_uco.png  used o
n input line 70.
(pdftex.def)             Requested size: 97.56117pt x 51.21504pt.
 [31 <./sections/practica4/img/matriz_confusion_umbral_0_5.png>]

LaTeX Warning: Reference `tab:umbrales_coste' on page 32 undefined on input lin
e 80.

! Undefined control sequence.
l.87     \toprule
                 
The control sequence at the end of the top line
of your error message was never \def'ed. If you have
misspelled it (e.g., `\hobx'), type `I' and the correct
spelling (e.g., `I\hbox'). Otherwise just continue,
and I'll forget about whatever was undefined.

! Undefined control sequence.
<recently read> \midrule 
                         
l.89     \midrule
                 
The control sequence at the end of the top line
of your error message was never \def'ed. If you have
misspelled it (e.g., `\hobx'), type `I' and the correct
spelling (e.g., `I\hbox'). Otherwise just continue,
and I'll forget about whatever was undefined.

! Undefined control sequence.
<recently read> \bottomrule 
                            
l.100     \bottomrule
                     
The control sequence at the end of the top line
of your error message was never \def'ed. If you have
misspelled it (e.g., `\hobx'), type `I' and the correct
spelling (e.g., `I\hbox'). Otherwise just continue,
and I'll forget about whatever was undefined.

LaTeX Info: Redefining \. on input line 108.
LaTeX Info: Redefining \% on input line 108.
File: sections/practica4/../../Imagenes/logo_uco.png Graphic file (type png)
<use sections/practica4/../../Imagenes/logo_uco.png>
Package pdftex.def Info: sections/practica4/../../Imagenes/logo_uco.png  used o
n input line 108.
(pdftex.def)             Requested size: 97.56117pt x 51.21504pt.
[32]
<sections/practica4/img/coste_vs_umbral.png, id=335, 578.16pt x 361.35pt>
File: sections/practica4/img/coste_vs_umbral.png Graphic file (type png)
<use sections/practica4/img/coste_vs_umbral.png>
Package pdftex.def Info: sections/practica4/img/coste_vs_umbral.png  used on in
put line 120.
(pdftex.def)             Requested size: 332.89673pt x 208.05583pt.
LaTeX Info: Redefining \. on input line 132.
LaTeX Info: Redefining \% on input line 132.
File: sections/practica4/../../Imagenes/logo_uco.png Graphic file (type png)
<use sections/practica4/../../Imagenes/logo_uco.png>
Package pdftex.def Info: sections/practica4/../../Imagenes/logo_uco.png  used o
n input line 132.
(pdftex.def)             Requested size: 97.56117pt x 51.21504pt.
 [33 <./sections/practica4/img/coste_vs_umbral.png>]
<sections/practica4/img/curva_roc.png, id=347, 433.62pt x 361.35pt>
File: sections/practica4/img/curva_roc.png Graphic file (type png)
<use sections/practica4/img/curva_roc.png>
Package pdftex.def Info: sections/practica4/img/curva_roc.png  used on input li
ne 141.
(pdftex.def)             Requested size: 264.60855pt x 220.5169pt.
<sections/practica4/img/curva_precision_recall.png, id=348, 433.62pt x 361.35pt
>
File: sections/practica4/img/curva_precision_recall.png Graphic file (type png)

<use sections/practica4/img/curva_precision_recall.png>
Package pdftex.def Info: sections/practica4/img/curva_precision_recall.png  use
d on input line 150.
(pdftex.def)             Requested size: 264.60855pt x 220.5169pt.
LaTeX Info: Redefining \. on input line 154.
LaTeX Info: Redefining \% on input line 154.
File: sections/practica4/../../Imagenes/logo_uco.png Graphic file (type png)
<use sections/practica4/../../Imagenes/logo_uco.png>
Package pdftex.def Info: sections/practica4/../../Imagenes/logo_uco.png  used o
n input line 154.
(pdftex.def)             Requested size: 97.56117pt x 51.21504pt.
 [34 <./sections/practica4/img/curva_roc.png>]
LaTeX Info: Redefining \. on input line 163.
LaTeX Info: Redefining \% on input line 163.
File: sections/practica4/../../Imagenes/logo_uco.png Graphic file (type png)
<use sections/practica4/../../Imagenes/logo_uco.png>
Package pdftex.def Info: sections/practica4/../../Imagenes/logo_uco.png  used o
n input line 163.
(pdftex.def)             Requested size: 97.56117pt x 51.21504pt.
 [35 <./sections/practica4/img/curva_precision_recall.png>]) (./sections/practi
ca5/practica5.tex
LaTeX Info: Redefining \. on input line 19.
LaTeX Info: Redefining \% on input line 19.
<sections/practica5/../../Imagenes/logo_uco.png, id=368, 279.9258pt x 146.949pt
>
File: sections/practica5/../../Imagenes/logo_uco.png Graphic file (type png)
<use sections/practica5/../../Imagenes/logo_uco.png>
Package pdftex.def Info: sections/practica5/../../Imagenes/logo_uco.png  used o
n input line 19.
(pdftex.def)             Requested size: 97.56117pt x 51.21504pt.
 [36 <./sections/practica5/../../Imagenes/logo_uco.png>]
Cap\'{\i }tulo 5.
LaTeX Info: Redefining \. on input line 29.
LaTeX Info: Redefining \% on input line 29.
File: sections/practica5/../../Imagenes/logo_uco.png Graphic file (type png)
<use sections/practica5/../../Imagenes/logo_uco.png>
Package pdftex.def Info: sections/practica5/../../Imagenes/logo_uco.png  used o
n input line 29.
(pdftex.def)             Requested size: 97.56117pt x 51.21504pt.
[37

]
<sections/practica5/img/tarea1_perceptron_simple.png, id=380, 498.2615pt x 352.
1155pt>
File: sections/practica5/img/tarea1_perceptron_simple.png Graphic file (type pn
g)
<use sections/practica5/img/tarea1_perceptron_simple.png>
Package pdftex.def Info: sections/practica5/img/tarea1_perceptron_simple.png  u
sed on input line 44.
(pdftex.def)             Requested size: 298.75264pt x 211.12585pt.
LaTeX Info: Redefining \. on input line 50.
LaTeX Info: Redefining \% on input line 50.
File: sections/practica5/../../Imagenes/logo_uco.png Graphic file (type png)
<use sections/practica5/../../Imagenes/logo_uco.png>
Package pdftex.def Info: sections/practica5/../../Imagenes/logo_uco.png  used o
n input line 50.
(pdftex.def)             Requested size: 97.56117pt x 51.21504pt.
 [38 <./sections/practica5/img/tarea1_perceptron_simple.png>]
<sections/practica5/img/tarea1_confusion.png, id=390, 319.1925pt x 337.6615pt>
File: sections/practica5/img/tarea1_confusion.png Graphic file (type png)
<use sections/practica5/img/tarea1_confusion.png>
Package pdftex.def Info: sections/practica5/img/tarea1_confusion.png  used on i
nput line 55.
(pdftex.def)             Requested size: 204.85802pt x 216.71059pt.
LaTeX Info: Redefining \. on input line 73.
LaTeX Info: Redefining \% on input line 73.
File: sections/practica5/../../Imagenes/logo_uco.png Graphic file (type png)
<use sections/practica5/../../Imagenes/logo_uco.png>
Package pdftex.def Info: sections/practica5/../../Imagenes/logo_uco.png  used o
n input line 73.
(pdftex.def)             Requested size: 97.56117pt x 51.21504pt.
 [39 <./sections/practica5/img/tarea1_confusion.png>]
<sections/practica5/img/tarea2_hidden_2.png, id=399, 498.2615pt x 352.1155pt>
File: sections/practica5/img/tarea2_hidden_2.png Graphic file (type png)
<use sections/practica5/img/tarea2_hidden_2.png>
Package pdftex.def Info: sections/practica5/img/tarea2_hidden_2.png  used on in
put line 79.
(pdftex.def)             Requested size: 136.57635pt x 96.51775pt.
<sections/practica5/img/tarea2_hidden_5.png, id=400, 498.2615pt x 352.1155pt>
File: sections/practica5/img/tarea2_hidden_5.png Graphic file (type png)
<use sections/practica5/img/tarea2_hidden_5.png>
Package pdftex.def Info: sections/practica5/img/tarea2_hidden_5.png  used on in
put line 85.
(pdftex.def)             Requested size: 136.57635pt x 96.51775pt.
<sections/practica5/img/tarea2_hidden_20.png, id=401, 498.2615pt x 352.1155pt>
File: sections/practica5/img/tarea2_hidden_20.png Graphic file (type png)
<use sections/practica5/img/tarea2_hidden_20.png>
Package pdftex.def Info: sections/practica5/img/tarea2_hidden_20.png  used on i
nput line 91.
(pdftex.def)             Requested size: 136.57635pt x 96.51775pt.

! Undefined control sequence.
l.106     \toprule
                  
The control sequence at the end of the top line
of your error message was never \def'ed. If you have
misspelled it (e.g., `\hobx'), type `I' and the correct
spelling (e.g., `I\hbox'). Otherwise just continue,
and I'll forget about whatever was undefined.

! Undefined control sequence.
<recently read> \midrule 
                         
l.108     \midrule
                  
The control sequence at the end of the top line
of your error message was never \def'ed. If you have
misspelled it (e.g., `\hobx'), type `I' and the correct
spelling (e.g., `I\hbox'). Otherwise just continue,
and I'll forget about whatever was undefined.

! Undefined control sequence.
<recently read> \bottomrule 
                            
l.112     \bottomrule
                     
The control sequence at the end of the top line
of your error message was never \def'ed. If you have
misspelled it (e.g., `\hobx'), type `I' and the correct
spelling (e.g., `I\hbox'). Otherwise just continue,
and I'll forget about whatever was undefined.


LaTeX Warning: Reference `tab:t2_resultados' on page 40 undefined on input line
 119.

LaTeX Info: Redefining \. on input line 122.
LaTeX Info: Redefining \% on input line 122.
File: sections/practica5/../../Imagenes/logo_uco.png Graphic file (type png)
<use sections/practica5/../../Imagenes/logo_uco.png>
Package pdftex.def Info: sections/practica5/../../Imagenes/logo_uco.png  used o
n input line 122.
(pdftex.def)             Requested size: 97.56117pt x 51.21504pt.
[40 <./sections/practica5/img/tarea2_hidden_2.png> <./sections/practica5/img/ta
rea2_hidden_5.png> <./sections/practica5/img/tarea2_hidden_20.png>]
<sections/practica5/img/tarea3_activation_logistic.png, id=416, 498.2615pt x 35
2.1155pt>
File: sections/practica5/img/tarea3_activation_logistic.png Graphic file (type 
png)
<use sections/practica5/img/tarea3_activation_logistic.png>
Package pdftex.def Info: sections/practica5/img/tarea3_activation_logistic.png 
 used on input line 141.
(pdftex.def)             Requested size: 200.59245pt x 141.75708pt.
<sections/practica5/img/tarea3_activation_relu.png, id=417, 498.2615pt x 352.11
55pt>
File: sections/practica5/img/tarea3_activation_relu.png Graphic file (type png)

<use sections/practica5/img/tarea3_activation_relu.png>
Package pdftex.def Info: sections/practica5/img/tarea3_activation_relu.png  use
d on input line 147.
(pdftex.def)             Requested size: 200.59245pt x 141.75708pt.
LaTeX Info: Redefining \. on input line 154.
LaTeX Info: Redefining \% on input line 154.
File: sections/practica5/../../Imagenes/logo_uco.png Graphic file (type png)
<use sections/practica5/../../Imagenes/logo_uco.png>
Package pdftex.def Info: sections/practica5/../../Imagenes/logo_uco.png  used o
n input line 154.
(pdftex.def)             Requested size: 97.56117pt x 51.21504pt.
 [41]
<sections/practica5/img/tarea3_loss_curve_logistic.png, id=425, 425.1885pt x 28
0.247pt>
File: sections/practica5/img/tarea3_loss_curve_logistic.png Graphic file (type 
png)
<use sections/practica5/img/tarea3_loss_curve_logistic.png>
Package pdftex.def Info: sections/practica5/img/tarea3_loss_curve_logistic.png 
 used on input line 160.
(pdftex.def)             Requested size: 200.59245pt x 132.21642pt.
<sections/practica5/img/tarea3_loss_curve_relu.png, id=426, 425.9915pt x 280.24
7pt>
File: sections/practica5/img/tarea3_loss_curve_relu.png Graphic file (type png)

<use sections/practica5/img/tarea3_loss_curve_relu.png>
Package pdftex.def Info: sections/practica5/img/tarea3_loss_curve_relu.png  use
d on input line 166.
(pdftex.def)             Requested size: 200.59245pt x 131.96413pt.

! Undefined control sequence.
l.181     \toprule
                  
The control sequence at the end of the top line
of your error message was never \def'ed. If you have
misspelled it (e.g., `\hobx'), type `I' and the correct
spelling (e.g., `I\hbox'). Otherwise just continue,
and I'll forget about whatever was undefined.

! Undefined control sequence.
<recently read> \midrule 
                         
l.183     \midrule
                  
The control sequence at the end of the top line
of your error message was never \def'ed. If you have
misspelled it (e.g., `\hobx'), type `I' and the correct
spelling (e.g., `I\hbox'). Otherwise just continue,
and I'll forget about whatever was undefined.

! Undefined control sequence.
<recently read> \bottomrule 
                            
l.186     \bottomrule
                     
The control sequence at the end of the top line
of your error message was never \def'ed. If you have
misspelled it (e.g., `\hobx'), type `I' and the correct
spelling (e.g., `I\hbox'). Otherwise just continue,
and I'll forget about whatever was undefined.

LaTeX Info: Redefining \. on input line 189.
LaTeX Info: Redefining \% on input line 189.
File: sections/practica5/../../Imagenes/logo_uco.png Graphic file (type png)
<use sections/practica5/../../Imagenes/logo_uco.png>
Package pdftex.def Info: sections/practica5/../../Imagenes/logo_uco.png  used o
n input line 189.
(pdftex.def)             Requested size: 97.56117pt x 51.21504pt.
[42 <./sections/practica5/img/tarea3_activation_logistic.png> <./sections/pract
ica5/img/tarea3_activation_relu.png> <./sections/practica5/img/tarea3_loss_curv
e_logistic.png> <./sections/practica5/img/tarea3_loss_curve_relu.png>]

LaTeX Warning: Reference `tab:t3_activaciones' on page 43 undefined on input li
ne 192.


LaTeX Warning: Reference `fig:t3_fronteras' on page 43 undefined on input line 
200.

LaTeX Info: Redefining \. on input line 211.
LaTeX Info: Redefining \% on input line 211.
File: sections/practica5/../../Imagenes/logo_uco.png Graphic file (type png)
<use sections/practica5/../../Imagenes/logo_uco.png>
Package pdftex.def Info: sections/practica5/../../Imagenes/logo_uco.png  used o
n input line 211.
(pdftex.def)             Requested size: 97.56117pt x 51.21504pt.
[43]
! Undefined control sequence.
l.219     \toprule
                  
The control sequence at the end of the top line
of your error message was never \def'ed. If you have
misspelled it (e.g., `\hobx'), type `I' and the correct
spelling (e.g., `I\hbox'). Otherwise just continue,
and I'll forget about whatever was undefined.

! Undefined control sequence.
<recently read> \midrule 
                         
l.221     \midrule
                  
The control sequence at the end of the top line
of your error message was never \def'ed. If you have
misspelled it (e.g., `\hobx'), type `I' and the correct
spelling (e.g., `I\hbox'). Otherwise just continue,
and I'll forget about whatever was undefined.

! Undefined control sequence.
<recently read> \bottomrule 
                            
l.228     \bottomrule
                     
The control sequence at the end of the top line
of your error message was never \def'ed. If you have
misspelled it (e.g., `\hobx'), type `I' and the correct
spelling (e.g., `I\hbox'). Otherwise just continue,
and I'll forget about whatever was undefined.

<sections/practica5/img/tarea4_mejor_arquitectura.png, id=448, 319.1925pt x 337
.6615pt>
File: sections/practica5/img/tarea4_mejor_arquitectura.png Graphic file (type p
ng)
<use sections/practica5/img/tarea4_mejor_arquitectura.png>
Package pdftex.def Info: sections/practica5/img/tarea4_mejor_arquitectura.png  
used on input line 236.
(pdftex.def)             Requested size: 256.07741pt x 270.89725pt.
LaTeX Info: Redefining \. on input line 240.
LaTeX Info: Redefining \% on input line 240.
File: sections/practica5/../../Imagenes/logo_uco.png Graphic file (type png)
<use sections/practica5/../../Imagenes/logo_uco.png>
Package pdftex.def Info: sections/practica5/../../Imagenes/logo_uco.png  used o
n input line 240.
(pdftex.def)             Requested size: 97.56117pt x 51.21504pt.
[44]

LaTeX Warning: Reference `tab:t4_digitos' on page 45 undefined on input line 25
3.

LaTeX Info: Redefining \. on input line 256.
LaTeX Info: Redefining \% on input line 256.
File: sections/practica5/../../Imagenes/logo_uco.png Graphic file (type png)
<use sections/practica5/../../Imagenes/logo_uco.png>
Package pdftex.def Info: sections/practica5/../../Imagenes/logo_uco.png  used o
n input line 256.
(pdftex.def)             Requested size: 97.56117pt x 51.21504pt.
[45 <./sections/practica5/img/tarea4_mejor_arquitectura.png>]
LaTeX Info: Redefining \. on input line 276.
LaTeX Info: Redefining \% on input line 276.
File: sections/practica5/../../Imagenes/logo_uco.png Graphic file (type png)
<use sections/practica5/../../Imagenes/logo_uco.png>
Package pdftex.def Info: sections/practica5/../../Imagenes/logo_uco.png  used o
n input line 276.
(pdftex.def)             Requested size: 97.56117pt x 51.21504pt.
 [46])
No file __memoria.bbl.
LaTeX Info: Redefining \. on input line 102.
LaTeX Info: Redefining \% on input line 102.
File: Imagenes/logo_uco.png Graphic file (type png)
<use Imagenes/logo_uco.png>
Package pdftex.def Info: Imagenes/logo_uco.png  used on input line 102.
(pdftex.def)             Requested size: 97.56117pt x 51.21504pt.
[47] (./__memoria.aux
LaTeX Info: Redefining \. on input line 11.
LaTeX Info: Redefining \% on input line 11.
)
 ***********
LaTeX2e <2023-11-01> patch level 1
L3 programming layer <2024-01-22>
 ***********


LaTeX Warning: There were undefined references.


LaTeX Warning: Label(s) may have changed. Rerun to get cross-references right.


Package rerunfilecheck Warning: File `__memoria.out' has changed.
(rerunfilecheck)                Rerun to get outlines right
(rerunfilecheck)                or use package `bookmark'.

Package rerunfilecheck Info: Checksums for `__memoria.out':
(rerunfilecheck)             Before: <no file>
(rerunfilecheck)             After:  6E2F8B9FF561D3B0F70DD1028493ABC7;22270.
 ) 
Here is how much of TeX's memory you used:
 34179 strings out of 476120
 644809 string characters out of 5793657
 1936975 words of memory out of 5000000
 55288 multiletter control sequences out of 15000+600000
 673304 words of font info for 114 fonts, out of 8000000 for 9000
 40 hyphenation exceptions out of 8191
 89i,16n,90p,1152b,931s stack positions out of 10000i,1000n,20000p,200000b,200000s
</usr/share/texmf/fonts/type1/public/lm/lmbx10.pfb></usr/share/texmf/fonts/ty
pe1/public/lm/lmbx12.pfb></usr/share/texmf/fonts/type1/public/lm/lmbxi10.pfb></
usr/share/texmf/fonts/type1/public/lm/lmex10.pfb></usr/share/texmf/fonts/type1/
public/lm/lmmi10.pfb></usr/share/texmf/fonts/type1/public/lm/lmmi12.pfb></usr/s
hare/texmf/fonts/type1/public/lm/lmmi8.pfb></usr/share/texmf/fonts/type1/public
/lm/lmr10.pfb></usr/share/texmf/fonts/type1/public/lm/lmr12.pfb></usr/share/tex
mf/fonts/type1/public/lm/lmr17.pfb></usr/share/texmf/fonts/type1/public/lm/lmr8
.pfb></usr/share/texmf/fonts/type1/public/lm/lmri10.pfb></usr/share/texmf/fonts
/type1/public/lm/lmri12.pfb></usr/share/texmf/fonts/type1/public/lm/lmsy10.pfb>
</usr/share/texmf/fonts/type1/public/lm/lmsy8.pfb></usr/share/texmf/fonts/type1
/public/lm/lmtk10.pfb></usr/share/texmf/fonts/type1/public/lm/lmtt10.pfb></usr/
share/texmf/fonts/type1/public/lm/lmtt12.pfb></usr/share/texlive/texmf-dist/fon
ts/type1/public/amsfonts/symbols/msam10.pfb></usr/share/texlive/texmf-dist/font
s/type1/public/amsfonts/symbols/msbm10.pfb>
Output written on __memoria.pdf (55 pages, 2492505 bytes).
PDF statistics:
 632 PDF objects out of 1000 (max. 8388607)
 432 compressed objects within 5 object streams
 182 named destinations out of 1000 (max. 500000)
 243 words of extra memory for PDF output out of 10000 (max. 10000000)

